-------------------------------------------------------------------------------
Test set: org.apache.pdfbox.rendering.TestRendering
-------------------------------------------------------------------------------
Tests run: 9, Failures: 0, Errors: 3, Skipped: 0, Time elapsed: 3.716 sec <<< FAILURE! - in org.apache.pdfbox.rendering.TestRendering
render[survey.pdf](org.apache.pdfbox.rendering.TestRendering)  Time elapsed: 0.31 sec  <<< ERROR!
java.lang.NullPointerException: null
	at org.apache.pdfbox.pdmodel.graphics.image.SampledImageReader.getStencilImage(SampledImageReader.java:99)
	at org.apache.pdfbox.pdmodel.graphics.image.PDInlineImage.getStencilImage(PDInlineImage.java:350)
	at org.apache.pdfbox.rendering.PageDrawer.drawImage(PageDrawer.java:979)
	at org.apache.pdfbox.contentstream.operator.graphics.BeginInlineImage.process(BeginInlineImage.java:44)
	at org.apache.pdfbox.contentstream.PDFStreamEngine.processOperator(PDFStreamEngine.java:838)
	at org.apache.pdfbox.contentstream.PDFStreamEngine.processStreamOperators(PDFStreamEngine.java:495)
	at org.apache.pdfbox.contentstream.PDFStreamEngine.processTilingPattern(PDFStreamEngine.java:394)
	at org.apache.pdfbox.rendering.PageDrawer.drawTilingPattern(PageDrawer.java:244)
	at org.apache.pdfbox.rendering.TilingPaint.getImage(TilingPaint.java:187)
	at org.apache.pdfbox.rendering.TilingPaint.<init>(TilingPaint.java:107)
	at org.apache.pdfbox.rendering.TilingPaintFactory.create(TilingPaintFactory.java:53)
	at org.apache.pdfbox.rendering.PageDrawer.getPaint(PageDrawer.java:283)
	at org.apache.pdfbox.rendering.PageDrawer.getNonStrokingPaint(PageDrawer.java:630)
	at org.apache.pdfbox.rendering.PageDrawer.fillPath(PageDrawer.java:701)
	at org.apache.pdfbox.contentstream.operator.graphics.FillEvenOddRule.process(FillEvenOddRule.java:36)
	at org.apache.pdfbox.contentstream.PDFStreamEngine.processOperator(PDFStreamEngine.java:838)
	at org.apache.pdfbox.contentstream.PDFStreamEngine.processStreamOperators(PDFStreamEngine.java:495)
	at org.apache.pdfbox.contentstream.PDFStreamEngine.processStream(PDFStreamEngine.java:469)
	at org.apache.pdfbox.contentstream.PDFStreamEngine.processPage(PDFStreamEngine.java:150)
	at org.apache.pdfbox.rendering.PageDrawer.drawPage(PageDrawer.java:206)
	at org.apache.pdfbox.rendering.PDFRenderer.renderImage(PDFRenderer.java:145)
	at org.apache.pdfbox.rendering.PDFRenderer.renderImage(PDFRenderer.java:68)
	at org.apache.pdfbox.rendering.PDFRenderer.renderImage(PDFRenderer.java:55)
	at org.apache.pdfbox.rendering.TestRendering.render(TestRendering.java:79)

render[HOTRODCMYK.ai](org.apache.pdfbox.rendering.TestRendering)  Time elapsed: 1.32 sec  <<< ERROR!
java.lang.NullPointerException: null
	at org.apache.pdfbox.pdmodel.graphics.image.SampledImageReader.getStencilImage(SampledImageReader.java:99)
	at org.apache.pdfbox.pdmodel.graphics.image.PDImageXObject.getStencilImage(PDImageXObject.java:436)
	at org.apache.pdfbox.rendering.PageDrawer.drawImage(PageDrawer.java:979)
	at org.apache.pdfbox.contentstream.operator.graphics.DrawObject.process(DrawObject.java:62)
	at org.apache.pdfbox.contentstream.PDFStreamEngine.processOperator(PDFStreamEngine.java:838)
	at org.apache.pdfbox.contentstream.PDFStreamEngine.processStreamOperators(PDFStreamEngine.java:495)
	at org.apache.pdfbox.contentstream.PDFStreamEngine.processStream(PDFStreamEngine.java:469)
	at org.apache.pdfbox.contentstream.PDFStreamEngine.processPage(PDFStreamEngine.java:150)
	at org.apache.pdfbox.rendering.PageDrawer.drawPage(PageDrawer.java:206)
	at org.apache.pdfbox.rendering.PDFRenderer.renderImage(PDFRenderer.java:145)
	at org.apache.pdfbox.rendering.PDFRenderer.renderImage(PDFRenderer.java:68)
	at org.apache.pdfbox.rendering.PDFRenderer.renderImage(PDFRenderer.java:55)
	at org.apache.pdfbox.rendering.TestRendering.render(TestRendering.java:79)

render[ARCHIVERGB.ai](org.apache.pdfbox.rendering.TestRendering)  Time elapsed: 2.19 sec  <<< ERROR!
java.lang.NullPointerException: null
	at org.apache.pdfbox.pdmodel.graphics.image.SampledImageReader.getStencilImage(SampledImageReader.java:99)
	at org.apache.pdfbox.pdmodel.graphics.image.PDImageXObject.getStencilImage(PDImageXObject.java:436)
	at org.apache.pdfbox.rendering.PageDrawer.drawImage(PageDrawer.java:979)
	at org.apache.pdfbox.contentstream.operator.graphics.DrawObject.process(DrawObject.java:62)
	at org.apache.pdfbox.contentstream.PDFStreamEngine.processOperator(PDFStreamEngine.java:838)
	at org.apache.pdfbox.contentstream.PDFStreamEngine.processStreamOperators(PDFStreamEngine.java:495)
	at org.apache.pdfbox.contentstream.PDFStreamEngine.processStream(PDFStreamEngine.java:469)
	at org.apache.pdfbox.contentstream.PDFStreamEngine.processPage(PDFStreamEngine.java:150)
	at org.apache.pdfbox.rendering.PageDrawer.drawPage(PageDrawer.java:206)
	at org.apache.pdfbox.rendering.PDFRenderer.renderImage(PDFRenderer.java:145)
	at org.apache.pdfbox.rendering.PDFRenderer.renderImage(PDFRenderer.java:68)
	at org.apache.pdfbox.rendering.PDFRenderer.renderImage(PDFRenderer.java:55)
	at org.apache.pdfbox.rendering.TestRendering.render(TestRendering.java:79)

