<?xml version="1.0" encoding="UTF-8"?>
<testsuite name="org.semanticweb.owlapi.datafactory.OWLDataFactoryTestCase" time="0.068" tests="216" errors="0" skipped="0" failures="0">
  <properties>
[...]
</properties>
  <testcase name="testHashCodeDataExact" classname="org.semanticweb.owlapi.datafactory.OWLDataFactoryTestCase" time="0.005"/>
  <testcase name="testHashCodeDataOneOf" classname="org.semanticweb.owlapi.datafactory.OWLDataFactoryTestCase" time="0.003"/>
  <testcase name="testHashCodeDataRange" classname="org.semanticweb.owlapi.datafactory.OWLDataFactoryTestCase" time="0.002"/>
  <testcase name="testHashCodeExactCard" classname="org.semanticweb.owlapi.datafactory.OWLDataFactoryTestCase" time="0.001"/>
  <testcase name="testEqualsNegativeOWLLiteral" classname="org.semanticweb.owlapi.datafactory.OWLDataFactoryTestCase" time="0"/>
  <testcase name="testCreationObjectInverseFunctional" classname="org.semanticweb.owlapi.datafactory.OWLDataFactoryTestCase" time="0.002"/>
  <testcase name="testCreationMinCard" classname="org.semanticweb.owlapi.datafactory.OWLDataFactoryTestCase" time="0.001"/>
  <testcase name="testEqualsPositiveObjectIrreflexive" classname="org.semanticweb.owlapi.datafactory.OWLDataFactoryTestCase" time="0.001"/>
  <testcase name="testHashCodeObjectTransitive" classname="org.semanticweb.owlapi.datafactory.OWLDataFactoryTestCase" time="0"/>
  <testcase name="testCreationObject" classname="org.semanticweb.owlapi.datafactory.OWLDataFactoryTestCase" time="0.001"/>
  <testcase name="testEqualsNegativeAxiomSameIndividual" classname="org.semanticweb.owlapi.datafactory.OWLDataFactoryTestCase" time="0.002"/>
  <testcase name="testCreationClassAssertion" classname="org.semanticweb.owlapi.datafactory.OWLDataFactoryTestCase" time="0"/>
  <testcase name="testHashCodeData" classname="org.semanticweb.owlapi.datafactory.OWLDataFactoryTestCase" time="0"/>
  <testcase name="testEqualsNegativeObjectFunctional" classname="org.semanticweb.owlapi.datafactory.OWLDataFactoryTestCase" time="0.001"/>
  <testcase name="testHashCodeClass" classname="org.semanticweb.owlapi.datafactory.OWLDataFactoryTestCase" time="0"/>
  <testcase name="testCreationNotDataRel" classname="org.semanticweb.owlapi.datafactory.OWLDataFactoryTestCase" time="0.001"/>
  <testcase name="testCreationObjectAsymmetric" classname="org.semanticweb.owlapi.datafactory.OWLDataFactoryTestCase" time="0.001"/>
  <testcase name="testEqualsPositiveOWLLiteral" classname="org.semanticweb.owlapi.datafactory.OWLDataFactoryTestCase" time="0"/>
  <testcase name="testHashCodeNamedIndividual" classname="org.semanticweb.owlapi.datafactory.OWLDataFactoryTestCase" time="0"/>
  <testcase name="testHashCodeObjectUnionOf" classname="org.semanticweb.owlapi.datafactory.OWLDataFactoryTestCase" time="0.002"/>
  <testcase name="testEqualsNegativeEquivalentDataProperties" classname="org.semanticweb.owlapi.datafactory.OWLDataFactoryTestCase" time="0.001"/>
  <testcase name="testEqualsPositiveIntersection" classname="org.semanticweb.owlapi.datafactory.OWLDataFactoryTestCase" time="0"/>
  <testcase name="testCreationObjectReflexive" classname="org.semanticweb.owlapi.datafactory.OWLDataFactoryTestCase" time="0"/>
  <testcase name="testEqualsPositiveObjectUnionOf" classname="org.semanticweb.owlapi.datafactory.OWLDataFactoryTestCase" time="0"/>
  <testcase name="testEqualsPositiveEquivalentClasses" classname="org.semanticweb.owlapi.datafactory.OWLDataFactoryTestCase" time="0.001"/>
  <testcase name="testCreationData" classname="org.semanticweb.owlapi.datafactory.OWLDataFactoryTestCase" time="0"/>
  <testcase name="testCreationDataMax" classname="org.semanticweb.owlapi.datafactory.OWLDataFactoryTestCase" time="0.001"/>
  <testcase name="testCreationDataMin" classname="org.semanticweb.owlapi.datafactory.OWLDataFactoryTestCase" time="0"/>
  <testcase name="testCreationDataRel" classname="org.semanticweb.owlapi.datafactory.OWLDataFactoryTestCase" time="0.001"/>
  <testcase name="testEqualsPositiveObjectAll" classname="org.semanticweb.owlapi.datafactory.OWLDataFactoryTestCase" time="0.001"/>
  <testcase name="testEqualsPositiveObjectHas" classname="org.semanticweb.owlapi.datafactory.OWLDataFactoryTestCase" time="0.001"/>
  <testcase name="testEqualsPositiveObjectRel" classname="org.semanticweb.owlapi.datafactory.OWLDataFactoryTestCase" time="0"/>
  <testcase name="testEqualsPositiveObjectSymmetric" classname="org.semanticweb.owlapi.datafactory.OWLDataFactoryTestCase" time="0"/>
  <testcase name="testEqualsNegativeDataComplementOf" classname="org.semanticweb.owlapi.datafactory.OWLDataFactoryTestCase" time="0.001"/>
  <testcase name="testHashCodeDataFunctionalData" classname="org.semanticweb.owlapi.datafactory.OWLDataFactoryTestCase" time="0.001"/>
  <testcase name="testHashCodeAxiomSameIndividual" classname="org.semanticweb.owlapi.datafactory.OWLDataFactoryTestCase" time="0"/>
  <testcase name="testCreationObjectTransitive" classname="org.semanticweb.owlapi.datafactory.OWLDataFactoryTestCase" time="0"/>
  <testcase name="testHashCodeNotDataRel" classname="org.semanticweb.owlapi.datafactory.OWLDataFactoryTestCase" time="0"/>
  <testcase name="testEqualsNegativeNotObjectRel" classname="org.semanticweb.owlapi.datafactory.OWLDataFactoryTestCase" time="0.001"/>
  <testcase name="testEqualsNegativeObjectUnionOf" classname="org.semanticweb.owlapi.datafactory.OWLDataFactoryTestCase" time="0"/>
  <testcase name="testEqualsPositiveAnnotationProperty" classname="org.semanticweb.owlapi.datafactory.OWLDataFactoryTestCase" time="0.001"/>
  <testcase name="testEqualsPositiveObjectInverseFunctional" classname="org.semanticweb.owlapi.datafactory.OWLDataFactoryTestCase" time="0"/>
  <testcase name="testHashCodeMaxCard" classname="org.semanticweb.owlapi.datafactory.OWLDataFactoryTestCase" time="0"/>
  <testcase name="testEqualsNegativeSubObjectPropertyOf" classname="org.semanticweb.owlapi.datafactory.OWLDataFactoryTestCase" time="0.001"/>
  <testcase name="testEqualsPositiveObjectAsymmetric" classname="org.semanticweb.owlapi.datafactory.OWLDataFactoryTestCase" time="0"/>
  <testcase name="testHashCodeObjectComplementOf" classname="org.semanticweb.owlapi.datafactory.OWLDataFactoryTestCase" time="0.001"/>
  <testcase name="testEqualsPositiveObjectPropertyRange" classname="org.semanticweb.owlapi.datafactory.OWLDataFactoryTestCase" time="0"/>
  <testcase name="testCreationAnnotationProperty" classname="org.semanticweb.owlapi.datafactory.OWLDataFactoryTestCase" time="0"/>
  <testcase name="testHashCodeDataPropertyRange" classname="org.semanticweb.owlapi.datafactory.OWLDataFactoryTestCase" time="0"/>
  <testcase name="testHashCodeDataSome" classname="org.semanticweb.owlapi.datafactory.OWLDataFactoryTestCase" time="0.001"/>
  <testcase name="testHashCodeDatatype" classname="org.semanticweb.owlapi.datafactory.OWLDataFactoryTestCase" time="0"/>
  <testcase name="testHashCodeEquivalentDataProperties" classname="org.semanticweb.owlapi.datafactory.OWLDataFactoryTestCase" time="0"/>
  <testcase name="testEqualsNegativeObjectPropertyDomain" classname="org.semanticweb.owlapi.datafactory.OWLDataFactoryTestCase" time="0.001"/>
  <testcase name="testHashCodeMinCard" classname="org.semanticweb.owlapi.datafactory.OWLDataFactoryTestCase" time="0"/>
  <testcase name="testHashCodeSubDataPropertyOf" classname="org.semanticweb.owlapi.datafactory.OWLDataFactoryTestCase" time="0"/>
  <testcase name="testCreationObjectSymmetric" classname="org.semanticweb.owlapi.datafactory.OWLDataFactoryTestCase" time="0.001"/>
  <testcase name="testEqualsPositiveObjectTransitive" classname="org.semanticweb.owlapi.datafactory.OWLDataFactoryTestCase" time="0"/>
  <testcase name="testEqualsNegativeDataPropertyRange" classname="org.semanticweb.owlapi.datafactory.OWLDataFactoryTestCase" time="0"/>
  <testcase name="testCreationEquivalentDataProperties" classname="org.semanticweb.owlapi.datafactory.OWLDataFactoryTestCase" time="0"/>
  <testcase name="testHashCodeSubObjectPropertyOf" classname="org.semanticweb.owlapi.datafactory.OWLDataFactoryTestCase" time="0.001"/>
  <testcase name="testEqualsNegativeSubDataPropertyOf" classname="org.semanticweb.owlapi.datafactory.OWLDataFactoryTestCase" time="0"/>
  <testcase name="testEqualsNegativeDisjointDataProperties" classname="org.semanticweb.owlapi.datafactory.OWLDataFactoryTestCase" time="0.001"/>
  <testcase name="testHashCodeNotObjectRel" classname="org.semanticweb.owlapi.datafactory.OWLDataFactoryTestCase" time="0"/>
  <testcase name="testEqualsPositiveDataPropertyDomain" classname="org.semanticweb.owlapi.datafactory.OWLDataFactoryTestCase" time="0.001"/>
  <testcase name="testEqualsPositiveEquivalentDataProperties" classname="org.semanticweb.owlapi.datafactory.OWLDataFactoryTestCase" time="0"/>
  <testcase name="testEqualsNegativeDisjointObjectProperties" classname="org.semanticweb.owlapi.datafactory.OWLDataFactoryTestCase" time="0.001"/>
  <testcase name="testEqualsNegativeObjectReflexive" classname="org.semanticweb.owlapi.datafactory.OWLDataFactoryTestCase" time="0.001"/>
  <testcase name="testCreationObjectPropertyRange" classname="org.semanticweb.owlapi.datafactory.OWLDataFactoryTestCase" time="0"/>
  <testcase name="testHashCodeObjectHasSelf" classname="org.semanticweb.owlapi.datafactory.OWLDataFactoryTestCase" time="0.001"/>
  <testcase name="testHashCodeDataAll" classname="org.semanticweb.owlapi.datafactory.OWLDataFactoryTestCase" time="0.001"/>
  <testcase name="testHashCodeDataHas" classname="org.semanticweb.owlapi.datafactory.OWLDataFactoryTestCase" time="0"/>
  <testcase name="testHashCodeDataMax" classname="org.semanticweb.owlapi.datafactory.OWLDataFactoryTestCase" time="0"/>
  <testcase name="testHashCodeDataMin" classname="org.semanticweb.owlapi.datafactory.OWLDataFactoryTestCase" time="0"/>
  <testcase name="testHashCodeDataRel" classname="org.semanticweb.owlapi.datafactory.OWLDataFactoryTestCase" time="0"/>
  <testcase name="testCreationDataPropertyDomain" classname="org.semanticweb.owlapi.datafactory.OWLDataFactoryTestCase" time="0.001"/>
  <testcase name="testEqualsPositiveObjectHasSelf" classname="org.semanticweb.owlapi.datafactory.OWLDataFactoryTestCase" time="0"/>
  <testcase name="testHashCodeObjectSome" classname="org.semanticweb.owlapi.datafactory.OWLDataFactoryTestCase" time="0"/>
  <testcase name="testHashCodeOWLLiteralLang" classname="org.semanticweb.owlapi.datafactory.OWLDataFactoryTestCase" time="0"/>
  <testcase name="testAsSubAxiomsEquivalentDataProperties" classname="org.semanticweb.owlapi.datafactory.OWLDataFactoryTestCase" time="0"/>
  <testcase name="testEqualsNegativeDataFunctionalData" classname="org.semanticweb.owlapi.datafactory.OWLDataFactoryTestCase" time="0"/>
  <testcase name="testCreationDataPropertyRange" classname="org.semanticweb.owlapi.datafactory.OWLDataFactoryTestCase" time="0.001"/>
  <testcase name="testEqualsPositiveDataExact" classname="org.semanticweb.owlapi.datafactory.OWLDataFactoryTestCase" time="0"/>
  <testcase name="testEqualsPositiveDataOneOf" classname="org.semanticweb.owlapi.datafactory.OWLDataFactoryTestCase" time="0"/>
  <testcase name="testEqualsPositiveDataRange" classname="org.semanticweb.owlapi.datafactory.OWLDataFactoryTestCase" time="0.001"/>
  <testcase name="testEqualsPositiveDisjointClasses" classname="org.semanticweb.owlapi.datafactory.OWLDataFactoryTestCase" time="0.001"/>
  <testcase name="testCreationClass" classname="org.semanticweb.owlapi.datafactory.OWLDataFactoryTestCase" time="0"/>
  <testcase name="testEqualsPositiveExactCard" classname="org.semanticweb.owlapi.datafactory.OWLDataFactoryTestCase" time="0"/>
  <testcase name="testCreationSubDataPropertyOf" classname="org.semanticweb.owlapi.datafactory.OWLDataFactoryTestCase" time="0"/>
  <testcase name="testEqualsNegativeObjectHasSelf" classname="org.semanticweb.owlapi.datafactory.OWLDataFactoryTestCase" time="0"/>
  <testcase name="testEqualsPositiveEquivalentObjectProperties" classname="org.semanticweb.owlapi.datafactory.OWLDataFactoryTestCase" time="0"/>
  <testcase name="testEqualsNegativeObjectAll" classname="org.semanticweb.owlapi.datafactory.OWLDataFactoryTestCase" time="0"/>
  <testcase name="testEqualsNegativeObjectHas" classname="org.semanticweb.owlapi.datafactory.OWLDataFactoryTestCase" time="0"/>
  <testcase name="testEqualsNegativeObjectRel" classname="org.semanticweb.owlapi.datafactory.OWLDataFactoryTestCase" time="0.001"/>
  <testcase name="testHashCodeAxiomDifferentFrom" classname="org.semanticweb.owlapi.datafactory.OWLDataFactoryTestCase" time="0.001"/>
  <testcase name="testHashCodeObjectFunctional" classname="org.semanticweb.owlapi.datafactory.OWLDataFactoryTestCase" time="0"/>
  <testcase name="testEqualsNegativeObjectComplementOf" classname="org.semanticweb.owlapi.datafactory.OWLDataFactoryTestCase" time="0"/>
  <testcase name="testHashCodeObjectIrreflexive" classname="org.semanticweb.owlapi.datafactory.OWLDataFactoryTestCase" time="0"/>
  <testcase name="testHashCodeDisjointObjectProperties" classname="org.semanticweb.owlapi.datafactory.OWLDataFactoryTestCase" time="0"/>
  <testcase name="testEqualsNegativeObjectSymmetric" classname="org.semanticweb.owlapi.datafactory.OWLDataFactoryTestCase" time="0"/>
  <testcase name="testEqualsPositiveMaxCard" classname="org.semanticweb.owlapi.datafactory.OWLDataFactoryTestCase" time="0"/>
  <testcase name="testEqualsNegativeObjectIrreflexive" classname="org.semanticweb.owlapi.datafactory.OWLDataFactoryTestCase" time="0.001"/>
  <testcase name="testCreationDisjointObjectProperties" classname="org.semanticweb.owlapi.datafactory.OWLDataFactoryTestCase" time="0"/>
  <testcase name="testEqualsNegativeObject" classname="org.semanticweb.owlapi.datafactory.OWLDataFactoryTestCase" time="0"/>
  <testcase name="testHashCodeDataComplementOf" classname="org.semanticweb.owlapi.datafactory.OWLDataFactoryTestCase" time="0"/>
  <testcase name="testHashCodeObjectReflexive" classname="org.semanticweb.owlapi.datafactory.OWLDataFactoryTestCase" time="0.001"/>
  <testcase name="testEqualsNegativeObjectOneOf" classname="org.semanticweb.owlapi.datafactory.OWLDataFactoryTestCase" time="0"/>
  <testcase name="testEqualsNegativeNotDataRel" classname="org.semanticweb.owlapi.datafactory.OWLDataFactoryTestCase" time="0"/>
  <testcase name="testHashCodeObject" classname="org.semanticweb.owlapi.datafactory.OWLDataFactoryTestCase" time="0"/>
  <testcase name="testCreationDisjointClasses" classname="org.semanticweb.owlapi.datafactory.OWLDataFactoryTestCase" time="0"/>
  <testcase name="testHashCodeEquivalentClasses" classname="org.semanticweb.owlapi.datafactory.OWLDataFactoryTestCase" time="0"/>
  <testcase name="testEqualsPositiveDisjointObjectProperties" classname="org.semanticweb.owlapi.datafactory.OWLDataFactoryTestCase" time="0"/>
  <testcase name="testEqualsPositiveMinCard" classname="org.semanticweb.owlapi.datafactory.OWLDataFactoryTestCase" time="0"/>
  <testcase name="testEqualsNegativeMaxCard" classname="org.semanticweb.owlapi.datafactory.OWLDataFactoryTestCase" time="0.001"/>
  <testcase name="testCreationObjectRel" classname="org.semanticweb.owlapi.datafactory.OWLDataFactoryTestCase" time="0"/>
  <testcase name="testEqualsNegativeIntersection" classname="org.semanticweb.owlapi.datafactory.OWLDataFactoryTestCase" time="0"/>
  <testcase name="testCreationObjectFunctional" classname="org.semanticweb.owlapi.datafactory.OWLDataFactoryTestCase" time="0"/>
  <testcase name="testEqualsPositiveClass" classname="org.semanticweb.owlapi.datafactory.OWLDataFactoryTestCase" time="0.001"/>
  <testcase name="testEqualsNegativeObjectInverseFunctional" classname="org.semanticweb.owlapi.datafactory.OWLDataFactoryTestCase" time="0"/>
  <testcase name="testEqualsNegativeEquivalentClasses" classname="org.semanticweb.owlapi.datafactory.OWLDataFactoryTestCase" time="0"/>
  <testcase name="testHashCodeClassAssertion" classname="org.semanticweb.owlapi.datafactory.OWLDataFactoryTestCase" time="0"/>
  <testcase name="testEqualsPositiveNotDataRel" classname="org.semanticweb.owlapi.datafactory.OWLDataFactoryTestCase" time="0"/>
  <testcase name="testEqualsPositiveObjectPropertyDomain" classname="org.semanticweb.owlapi.datafactory.OWLDataFactoryTestCase" time="0.001"/>
  <testcase name="testCreationObjectUnionOf" classname="org.semanticweb.owlapi.datafactory.OWLDataFactoryTestCase" time="0"/>
  <testcase name="testEqualsNegativeMinCard" classname="org.semanticweb.owlapi.datafactory.OWLDataFactoryTestCase" time="0"/>
  <testcase name="testEqualsPositiveObject" classname="org.semanticweb.owlapi.datafactory.OWLDataFactoryTestCase" time="0"/>
  <testcase name="testCreationObjectIrreflexive" classname="org.semanticweb.owlapi.datafactory.OWLDataFactoryTestCase" time="0.001"/>
  <testcase name="testCreationDataComplementOf" classname="org.semanticweb.owlapi.datafactory.OWLDataFactoryTestCase" time="0"/>
  <testcase name="testEqualsPositiveNamedIndividual" classname="org.semanticweb.owlapi.datafactory.OWLDataFactoryTestCase" time="0"/>
  <testcase name="testEqualsPositiveOWLLiteralLang" classname="org.semanticweb.owlapi.datafactory.OWLDataFactoryTestCase" time="0"/>
  <testcase name="testCreationEquivalentObjectProperties" classname="org.semanticweb.owlapi.datafactory.OWLDataFactoryTestCase" time="0"/>
  <testcase name="testCreationDisjointDataProperties" classname="org.semanticweb.owlapi.datafactory.OWLDataFactoryTestCase" time="0"/>
  <testcase name="testEqualsNegativeDataSome" classname="org.semanticweb.owlapi.datafactory.OWLDataFactoryTestCase" time="0"/>
  <testcase name="testEqualsNegativeDatatype" classname="org.semanticweb.owlapi.datafactory.OWLDataFactoryTestCase" time="0"/>
  <testcase name="testEqualsPositiveObjectOneOf" classname="org.semanticweb.owlapi.datafactory.OWLDataFactoryTestCase" time="0"/>
  <testcase name="testCreationDatatype" classname="org.semanticweb.owlapi.datafactory.OWLDataFactoryTestCase" time="0"/>
  <testcase name="testEqualsPositiveDataAll" classname="org.semanticweb.owlapi.datafactory.OWLDataFactoryTestCase" time="0"/>
  <testcase name="testEqualsPositiveDataHas" classname="org.semanticweb.owlapi.datafactory.OWLDataFactoryTestCase" time="0.001"/>
  <testcase name="testEqualsPositiveDataMax" classname="org.semanticweb.owlapi.datafactory.OWLDataFactoryTestCase" time="0"/>
  <testcase name="testEqualsPositiveDataMin" classname="org.semanticweb.owlapi.datafactory.OWLDataFactoryTestCase" time="0"/>
  <testcase name="testEqualsPositiveDataRel" classname="org.semanticweb.owlapi.datafactory.OWLDataFactoryTestCase" time="0"/>
  <testcase name="testEqualsNegativeObjectPropertyRange" classname="org.semanticweb.owlapi.datafactory.OWLDataFactoryTestCase" time="0.003"/>
  <testcase name="testCreationNotObjectRel" classname="org.semanticweb.owlapi.datafactory.OWLDataFactoryTestCase" time="0"/>
  <testcase name="testEqualsNegativeObjectAsymmetric" classname="org.semanticweb.owlapi.datafactory.OWLDataFactoryTestCase" time="0"/>
  <testcase name="testCreationObjectOneOf" classname="org.semanticweb.owlapi.datafactory.OWLDataFactoryTestCase" time="0"/>
  <testcase name="testHashCodeObjectSymmetric" classname="org.semanticweb.owlapi.datafactory.OWLDataFactoryTestCase" time="0"/>
  <testcase name="testEqualsPositiveObjectFunctional" classname="org.semanticweb.owlapi.datafactory.OWLDataFactoryTestCase" time="0"/>
  <testcase name="testHashCodeAnnotationProperty" classname="org.semanticweb.owlapi.datafactory.OWLDataFactoryTestCase" time="0"/>
  <testcase name="testEqualsNegativeAxiomDifferentFrom" classname="org.semanticweb.owlapi.datafactory.OWLDataFactoryTestCase" time="0"/>
  <testcase name="testEqualsPositiveAxiomSameIndividual" classname="org.semanticweb.owlapi.datafactory.OWLDataFactoryTestCase" time="0"/>
  <testcase name="testHashCodeIntersection" classname="org.semanticweb.owlapi.datafactory.OWLDataFactoryTestCase" time="0"/>
  <testcase name="testAsSubAxiomsEquivalentClasses" classname="org.semanticweb.owlapi.datafactory.OWLDataFactoryTestCase" time="0.001"/>
  <testcase name="testCreationEquivalentClasses" classname="org.semanticweb.owlapi.datafactory.OWLDataFactoryTestCase" time="0.001"/>
  <testcase name="testEqualsNegativeDataAll" classname="org.semanticweb.owlapi.datafactory.OWLDataFactoryTestCase" time="0"/>
  <testcase name="testEqualsNegativeDataHas" classname="org.semanticweb.owlapi.datafactory.OWLDataFactoryTestCase" time="0"/>
  <testcase name="testEqualsNegativeDataMax" classname="org.semanticweb.owlapi.datafactory.OWLDataFactoryTestCase" time="0"/>
  <testcase name="testEqualsNegativeDataMin" classname="org.semanticweb.owlapi.datafactory.OWLDataFactoryTestCase" time="0"/>
  <testcase name="testEqualsNegativeDataRel" classname="org.semanticweb.owlapi.datafactory.OWLDataFactoryTestCase" time="0"/>
  <testcase name="testEqualsNegativeDataExact" classname="org.semanticweb.owlapi.datafactory.OWLDataFactoryTestCase" time="0"/>
  <testcase name="testEqualsNegativeDataOneOf" classname="org.semanticweb.owlapi.datafactory.OWLDataFactoryTestCase" time="0"/>
  <testcase name="testEqualsNegativeDataRange" classname="org.semanticweb.owlapi.datafactory.OWLDataFactoryTestCase" time="0"/>
  <testcase name="testEqualsPositiveDataFunctionalData" classname="org.semanticweb.owlapi.datafactory.OWLDataFactoryTestCase" time="0"/>
  <testcase name="testEqualsNegativeExactCard" classname="org.semanticweb.owlapi.datafactory.OWLDataFactoryTestCase" time="0.001"/>
  <testcase name="testHashCodeOWLLiteral" classname="org.semanticweb.owlapi.datafactory.OWLDataFactoryTestCase" time="0"/>
  <testcase name="testEqualsNegativeObjectTransitive" classname="org.semanticweb.owlapi.datafactory.OWLDataFactoryTestCase" time="0"/>
  <testcase name="testEqualsNegativeObjectSome" classname="org.semanticweb.owlapi.datafactory.OWLDataFactoryTestCase" time="0"/>
  <testcase name="testEqualsPositiveDataComplementOf" classname="org.semanticweb.owlapi.datafactory.OWLDataFactoryTestCase" time="0"/>
  <testcase name="testHashCodeObjectPropertyRange" classname="org.semanticweb.owlapi.datafactory.OWLDataFactoryTestCase" time="0"/>
  <testcase name="testCreationDataFunctionalData" classname="org.semanticweb.owlapi.datafactory.OWLDataFactoryTestCase" time="0"/>
  <testcase name="testHashCodeObjectPropertyDomain" classname="org.semanticweb.owlapi.datafactory.OWLDataFactoryTestCase" time="0"/>
  <testcase name="testCreationNamedIndividual" classname="org.semanticweb.owlapi.datafactory.OWLDataFactoryTestCase" time="0"/>
  <testcase name="testEqualsNegativeDisjointClasses" classname="org.semanticweb.owlapi.datafactory.OWLDataFactoryTestCase" time="0"/>
  <testcase name="testEqualsPositiveNotObjectRel" classname="org.semanticweb.owlapi.datafactory.OWLDataFactoryTestCase" time="0"/>
  <testcase name="testEqualsPositiveObjectComplementOf" classname="org.semanticweb.owlapi.datafactory.OWLDataFactoryTestCase" time="0"/>
  <testcase name="testHashCodeObjectOneOf" classname="org.semanticweb.owlapi.datafactory.OWLDataFactoryTestCase" time="0"/>
  <testcase name="testHashCodeObjectAll" classname="org.semanticweb.owlapi.datafactory.OWLDataFactoryTestCase" time="0"/>
  <testcase name="testHashCodeObjectHas" classname="org.semanticweb.owlapi.datafactory.OWLDataFactoryTestCase" time="0"/>
  <testcase name="testHashCodeObjectRel" classname="org.semanticweb.owlapi.datafactory.OWLDataFactoryTestCase" time="0.001"/>
  <testcase name="testEqualsNegativeClass" classname="org.semanticweb.owlapi.datafactory.OWLDataFactoryTestCase" time="0"/>
  <testcase name="testCreationAxiomSameIndividual" classname="org.semanticweb.owlapi.datafactory.OWLDataFactoryTestCase" time="0"/>
  <testcase name="testEqualsPositiveObjectSome" classname="org.semanticweb.owlapi.datafactory.OWLDataFactoryTestCase" time="0"/>
  <testcase name="testEqualsNegativeOWLLiteralLang" classname="org.semanticweb.owlapi.datafactory.OWLDataFactoryTestCase" time="0"/>
  <testcase name="testHashCodeObjectInverseFunctional" classname="org.semanticweb.owlapi.datafactory.OWLDataFactoryTestCase" time="0"/>
  <testcase name="testHashCodeDataPropertyDomain" classname="org.semanticweb.owlapi.datafactory.OWLDataFactoryTestCase" time="0"/>
  <testcase name="testCreationObjectComplementOf" classname="org.semanticweb.owlapi.datafactory.OWLDataFactoryTestCase" time="0"/>
  <testcase name="testCreationDataExact" classname="org.semanticweb.owlapi.datafactory.OWLDataFactoryTestCase" time="0"/>
  <testcase name="testEqualsPositiveSubObjectPropertyOf" classname="org.semanticweb.owlapi.datafactory.OWLDataFactoryTestCase" time="0"/>
  <testcase name="testCreationDataOneOf" classname="org.semanticweb.owlapi.datafactory.OWLDataFactoryTestCase" time="0"/>
  <testcase name="testCreationDataRange" classname="org.semanticweb.owlapi.datafactory.OWLDataFactoryTestCase" time="0"/>
  <testcase name="testCreationExactCard" classname="org.semanticweb.owlapi.datafactory.OWLDataFactoryTestCase" time="0"/>
  <testcase name="testCreationObjectHasSelf" classname="org.semanticweb.owlapi.datafactory.OWLDataFactoryTestCase" time="0"/>
  <testcase name="testEqualsPositiveClassAssertion" classname="org.semanticweb.owlapi.datafactory.OWLDataFactoryTestCase" time="0"/>
  <testcase name="testCreationObjectPropertyDomain" classname="org.semanticweb.owlapi.datafactory.OWLDataFactoryTestCase" time="0"/>
  <testcase name="testEqualsPositiveDataPropertyRange" classname="org.semanticweb.owlapi.datafactory.OWLDataFactoryTestCase" time="0"/>
  <testcase name="testEqualsPositiveSubDataPropertyOf" classname="org.semanticweb.owlapi.datafactory.OWLDataFactoryTestCase" time="0"/>
  <testcase name="testCreationOWLLiteralLang" classname="org.semanticweb.owlapi.datafactory.OWLDataFactoryTestCase" time="0"/>
  <testcase name="testEqualsNegativeAnnotationProperty" classname="org.semanticweb.owlapi.datafactory.OWLDataFactoryTestCase" time="0"/>
  <testcase name="testCreationSubObjectPropertyOf" classname="org.semanticweb.owlapi.datafactory.OWLDataFactoryTestCase" time="0"/>
  <testcase name="testHashCodeDisjointClasses" classname="org.semanticweb.owlapi.datafactory.OWLDataFactoryTestCase" time="0"/>
  <testcase name="testHashCodeDisjointDataProperties" classname="org.semanticweb.owlapi.datafactory.OWLDataFactoryTestCase" time="0"/>
  <testcase name="testEqualsPositiveDataSome" classname="org.semanticweb.owlapi.datafactory.OWLDataFactoryTestCase" time="0.001"/>
  <testcase name="testEqualsPositiveDatatype" classname="org.semanticweb.owlapi.datafactory.OWLDataFactoryTestCase" time="0"/>
  <testcase name="testEqualsPositiveData" classname="org.semanticweb.owlapi.datafactory.OWLDataFactoryTestCase" time="0"/>
  <testcase name="testEqualsNegativeNamedIndividual" classname="org.semanticweb.owlapi.datafactory.OWLDataFactoryTestCase" time="0"/>
  <testcase name="testHashCodeEquivalentObjectProperties" classname="org.semanticweb.owlapi.datafactory.OWLDataFactoryTestCase" time="0"/>
  <testcase name="testAsSubAxiomsEquivalentObjectProperties" classname="org.semanticweb.owlapi.datafactory.OWLDataFactoryTestCase" time="0"/>
  <testcase name="testEqualsPositiveAxiomDifferentFrom" classname="org.semanticweb.owlapi.datafactory.OWLDataFactoryTestCase" time="0"/>
  <testcase name="testEqualsNegativeData" classname="org.semanticweb.owlapi.datafactory.OWLDataFactoryTestCase" time="0"/>
  <testcase name="testEqualsNegativeClassAssertion" classname="org.semanticweb.owlapi.datafactory.OWLDataFactoryTestCase" time="0"/>
  <testcase name="testEqualsNegativeEquivalentObjectProperties" classname="org.semanticweb.owlapi.datafactory.OWLDataFactoryTestCase" time="0"/>
  <testcase name="testCreationMaxCard" classname="org.semanticweb.owlapi.datafactory.OWLDataFactoryTestCase" time="0"/>
  <testcase name="testEqualsPositiveObjectReflexive" classname="org.semanticweb.owlapi.datafactory.OWLDataFactoryTestCase" time="0"/>
  <testcase name="testHashCodeObjectAsymmetric" classname="org.semanticweb.owlapi.datafactory.OWLDataFactoryTestCase" time="0"/>
  <testcase name="testEqualsPositiveDisjointDataProperties" classname="org.semanticweb.owlapi.datafactory.OWLDataFactoryTestCase" time="0.001"/>
  <testcase name="testCreationIntersection" classname="org.semanticweb.owlapi.datafactory.OWLDataFactoryTestCase" time="0"/>
  <testcase name="testEqualsNegativeDataPropertyDomain" classname="org.semanticweb.owlapi.datafactory.OWLDataFactoryTestCase" time="0"/>
  <testcase name="testCreationAxiomDifferentFrom" classname="org.semanticweb.owlapi.datafactory.OWLDataFactoryTestCase" time="0.001"/>
</testsuite>