<?xml version="1.0" encoding="UTF-8"?>
<testsuite name="org.semanticweb.owlapitools.builders.test.BuildersTestCase" time="0.007" tests="91" errors="0" skipped="0" failures="0">
  <properties>
[...]
</properties>
  <testcase name="shouldTest[0]" classname="org.semanticweb.owlapitools.builders.test.BuildersTestCase" time="0"/>
  <testcase name="shouldTest[1]" classname="org.semanticweb.owlapitools.builders.test.BuildersTestCase" time="0"/>
  <testcase name="shouldTest[2]" classname="org.semanticweb.owlapitools.builders.test.BuildersTestCase" time="0.001"/>
  <testcase name="shouldTest[3]" classname="org.semanticweb.owlapitools.builders.test.BuildersTestCase" time="0"/>
  <testcase name="shouldTest[4]" classname="org.semanticweb.owlapitools.builders.test.BuildersTestCase" time="0"/>
  <testcase name="shouldTest[5]" classname="org.semanticweb.owlapitools.builders.test.BuildersTestCase" time="0"/>
  <testcase name="shouldTest[6]" classname="org.semanticweb.owlapitools.builders.test.BuildersTestCase" time="0"/>
  <testcase name="shouldTest[7]" classname="org.semanticweb.owlapitools.builders.test.BuildersTestCase" time="0"/>
  <testcase name="shouldTest[8]" classname="org.semanticweb.owlapitools.builders.test.BuildersTestCase" time="0"/>
  <testcase name="shouldTest[9]" classname="org.semanticweb.owlapitools.builders.test.BuildersTestCase" time="0"/>
  <testcase name="shouldTest[10]" classname="org.semanticweb.owlapitools.builders.test.BuildersTestCase" time="0"/>
  <testcase name="shouldTest[11]" classname="org.semanticweb.owlapitools.builders.test.BuildersTestCase" time="0"/>
  <testcase name="shouldTest[12]" classname="org.semanticweb.owlapitools.builders.test.BuildersTestCase" time="0"/>
  <testcase name="shouldTest[13]" classname="org.semanticweb.owlapitools.builders.test.BuildersTestCase" time="0"/>
  <testcase name="shouldTest[14]" classname="org.semanticweb.owlapitools.builders.test.BuildersTestCase" time="0"/>
  <testcase name="shouldTest[15]" classname="org.semanticweb.owlapitools.builders.test.BuildersTestCase" time="0"/>
  <testcase name="shouldTest[16]" classname="org.semanticweb.owlapitools.builders.test.BuildersTestCase" time="0.001"/>
  <testcase name="shouldTest[17]" classname="org.semanticweb.owlapitools.builders.test.BuildersTestCase" time="0"/>
  <testcase name="shouldTest[18]" classname="org.semanticweb.owlapitools.builders.test.BuildersTestCase" time="0"/>
  <testcase name="shouldTest[19]" classname="org.semanticweb.owlapitools.builders.test.BuildersTestCase" time="0"/>
  <testcase name="shouldTest[20]" classname="org.semanticweb.owlapitools.builders.test.BuildersTestCase" time="0"/>
  <testcase name="shouldTest[21]" classname="org.semanticweb.owlapitools.builders.test.BuildersTestCase" time="0"/>
  <testcase name="shouldTest[22]" classname="org.semanticweb.owlapitools.builders.test.BuildersTestCase" time="0"/>
  <testcase name="shouldTest[23]" classname="org.semanticweb.owlapitools.builders.test.BuildersTestCase" time="0"/>
  <testcase name="shouldTest[24]" classname="org.semanticweb.owlapitools.builders.test.BuildersTestCase" time="0"/>
  <testcase name="shouldTest[25]" classname="org.semanticweb.owlapitools.builders.test.BuildersTestCase" time="0.001"/>
  <testcase name="shouldTest[26]" classname="org.semanticweb.owlapitools.builders.test.BuildersTestCase" time="0"/>
  <testcase name="shouldTest[27]" classname="org.semanticweb.owlapitools.builders.test.BuildersTestCase" time="0"/>
  <testcase name="shouldTest[28]" classname="org.semanticweb.owlapitools.builders.test.BuildersTestCase" time="0"/>
  <testcase name="shouldTest[29]" classname="org.semanticweb.owlapitools.builders.test.BuildersTestCase" time="0"/>
  <testcase name="shouldTest[30]" classname="org.semanticweb.owlapitools.builders.test.BuildersTestCase" time="0"/>
  <testcase name="shouldTest[31]" classname="org.semanticweb.owlapitools.builders.test.BuildersTestCase" time="0"/>
  <testcase name="shouldTest[32]" classname="org.semanticweb.owlapitools.builders.test.BuildersTestCase" time="0"/>
  <testcase name="shouldTest[33]" classname="org.semanticweb.owlapitools.builders.test.BuildersTestCase" time="0"/>
  <testcase name="shouldTest[34]" classname="org.semanticweb.owlapitools.builders.test.BuildersTestCase" time="0"/>
  <testcase name="shouldTest[35]" classname="org.semanticweb.owlapitools.builders.test.BuildersTestCase" time="0"/>
  <testcase name="shouldTest[36]" classname="org.semanticweb.owlapitools.builders.test.BuildersTestCase" time="0"/>
  <testcase name="shouldTest[37]" classname="org.semanticweb.owlapitools.builders.test.BuildersTestCase" time="0"/>
  <testcase name="shouldTest[38]" classname="org.semanticweb.owlapitools.builders.test.BuildersTestCase" time="0"/>
  <testcase name="shouldTest[39]" classname="org.semanticweb.owlapitools.builders.test.BuildersTestCase" time="0"/>
  <testcase name="shouldTest[40]" classname="org.semanticweb.owlapitools.builders.test.BuildersTestCase" time="0"/>
  <testcase name="shouldTest[41]" classname="org.semanticweb.owlapitools.builders.test.BuildersTestCase" time="0"/>
  <testcase name="shouldTest[42]" classname="org.semanticweb.owlapitools.builders.test.BuildersTestCase" time="0"/>
  <testcase name="shouldTest[43]" classname="org.semanticweb.owlapitools.builders.test.BuildersTestCase" time="0"/>
  <testcase name="shouldTest[44]" classname="org.semanticweb.owlapitools.builders.test.BuildersTestCase" time="0"/>
  <testcase name="shouldTest[45]" classname="org.semanticweb.owlapitools.builders.test.BuildersTestCase" time="0"/>
  <testcase name="shouldTest[46]" classname="org.semanticweb.owlapitools.builders.test.BuildersTestCase" time="0.001"/>
  <testcase name="shouldTest[47]" classname="org.semanticweb.owlapitools.builders.test.BuildersTestCase" time="0"/>
  <testcase name="shouldTest[48]" classname="org.semanticweb.owlapitools.builders.test.BuildersTestCase" time="0"/>
  <testcase name="shouldTest[49]" classname="org.semanticweb.owlapitools.builders.test.BuildersTestCase" time="0"/>
  <testcase name="shouldTest[50]" classname="org.semanticweb.owlapitools.builders.test.BuildersTestCase" time="0"/>
  <testcase name="shouldTest[51]" classname="org.semanticweb.owlapitools.builders.test.BuildersTestCase" time="0"/>
  <testcase name="shouldTest[52]" classname="org.semanticweb.owlapitools.builders.test.BuildersTestCase" time="0"/>
  <testcase name="shouldTest[53]" classname="org.semanticweb.owlapitools.builders.test.BuildersTestCase" time="0"/>
  <testcase name="shouldTest[54]" classname="org.semanticweb.owlapitools.builders.test.BuildersTestCase" time="0.001"/>
  <testcase name="shouldTest[55]" classname="org.semanticweb.owlapitools.builders.test.BuildersTestCase" time="0"/>
  <testcase name="shouldTest[56]" classname="org.semanticweb.owlapitools.builders.test.BuildersTestCase" time="0"/>
  <testcase name="shouldTest[57]" classname="org.semanticweb.owlapitools.builders.test.BuildersTestCase" time="0"/>
  <testcase name="shouldTest[58]" classname="org.semanticweb.owlapitools.builders.test.BuildersTestCase" time="0"/>
  <testcase name="shouldTest[59]" classname="org.semanticweb.owlapitools.builders.test.BuildersTestCase" time="0"/>
  <testcase name="shouldTest[60]" classname="org.semanticweb.owlapitools.builders.test.BuildersTestCase" time="0"/>
  <testcase name="shouldTest[61]" classname="org.semanticweb.owlapitools.builders.test.BuildersTestCase" time="0"/>
  <testcase name="shouldTest[62]" classname="org.semanticweb.owlapitools.builders.test.BuildersTestCase" time="0"/>
  <testcase name="shouldTest[63]" classname="org.semanticweb.owlapitools.builders.test.BuildersTestCase" time="0"/>
  <testcase name="shouldTest[64]" classname="org.semanticweb.owlapitools.builders.test.BuildersTestCase" time="0"/>
  <testcase name="shouldTest[65]" classname="org.semanticweb.owlapitools.builders.test.BuildersTestCase" time="0"/>
  <testcase name="shouldTest[66]" classname="org.semanticweb.owlapitools.builders.test.BuildersTestCase" time="0"/>
  <testcase name="shouldTest[67]" classname="org.semanticweb.owlapitools.builders.test.BuildersTestCase" time="0"/>
  <testcase name="shouldTest[68]" classname="org.semanticweb.owlapitools.builders.test.BuildersTestCase" time="0"/>
  <testcase name="shouldTest[69]" classname="org.semanticweb.owlapitools.builders.test.BuildersTestCase" time="0"/>
  <testcase name="shouldTest[70]" classname="org.semanticweb.owlapitools.builders.test.BuildersTestCase" time="0"/>
  <testcase name="shouldTest[71]" classname="org.semanticweb.owlapitools.builders.test.BuildersTestCase" time="0"/>
  <testcase name="shouldTest[72]" classname="org.semanticweb.owlapitools.builders.test.BuildersTestCase" time="0"/>
  <testcase name="shouldTest[73]" classname="org.semanticweb.owlapitools.builders.test.BuildersTestCase" time="0"/>
  <testcase name="shouldTest[74]" classname="org.semanticweb.owlapitools.builders.test.BuildersTestCase" time="0"/>
  <testcase name="shouldTest[75]" classname="org.semanticweb.owlapitools.builders.test.BuildersTestCase" time="0"/>
  <testcase name="shouldTest[76]" classname="org.semanticweb.owlapitools.builders.test.BuildersTestCase" time="0"/>
  <testcase name="shouldTest[77]" classname="org.semanticweb.owlapitools.builders.test.BuildersTestCase" time="0"/>
  <testcase name="shouldTest[78]" classname="org.semanticweb.owlapitools.builders.test.BuildersTestCase" time="0"/>
  <testcase name="shouldTest[79]" classname="org.semanticweb.owlapitools.builders.test.BuildersTestCase" time="0"/>
  <testcase name="shouldTest[80]" classname="org.semanticweb.owlapitools.builders.test.BuildersTestCase" time="0"/>
  <testcase name="shouldTest[81]" classname="org.semanticweb.owlapitools.builders.test.BuildersTestCase" time="0"/>
  <testcase name="shouldTest[82]" classname="org.semanticweb.owlapitools.builders.test.BuildersTestCase" time="0.001"/>
  <testcase name="shouldTest[83]" classname="org.semanticweb.owlapitools.builders.test.BuildersTestCase" time="0"/>
  <testcase name="shouldTest[84]" classname="org.semanticweb.owlapitools.builders.test.BuildersTestCase" time="0"/>
  <testcase name="shouldTest[85]" classname="org.semanticweb.owlapitools.builders.test.BuildersTestCase" time="0"/>
  <testcase name="shouldTest[86]" classname="org.semanticweb.owlapitools.builders.test.BuildersTestCase" time="0.001"/>
  <testcase name="shouldTest[87]" classname="org.semanticweb.owlapitools.builders.test.BuildersTestCase" time="0"/>
  <testcase name="shouldTest[88]" classname="org.semanticweb.owlapitools.builders.test.BuildersTestCase" time="0"/>
  <testcase name="shouldTest[89]" classname="org.semanticweb.owlapitools.builders.test.BuildersTestCase" time="0"/>
  <testcase name="shouldTest[90]" classname="org.semanticweb.owlapitools.builders.test.BuildersTestCase" time="0"/>
</testsuite>