<?xml version="1.0" encoding="UTF-8"?>
<testsuite name="org.semanticweb.owlapitools.builders.test.BuildersTestCase" time="0.013" tests="84" errors="0" skipped="0" failures="0">
  <properties>
[...]
</properties>
  <testcase name="shouldBuildObjectPropertyDomain" classname="org.semanticweb.owlapitools.builders.test.BuildersTestCase" time="0.001"/>
  <testcase name="shouldBuildEntity" classname="org.semanticweb.owlapitools.builders.test.BuildersTestCase" time="0.001"/>
  <testcase name="shouldBuildHasKey" classname="org.semanticweb.owlapitools.builders.test.BuildersTestCase" time="0"/>
  <testcase name="shouldBuildClass" classname="org.semanticweb.owlapitools.builders.test.BuildersTestCase" time="0"/>
  <testcase name="shouldBuildOneOf" classname="org.semanticweb.owlapitools.builders.test.BuildersTestCase" time="0"/>
  <testcase name="shouldBuildDatatypeDefinition" classname="org.semanticweb.owlapitools.builders.test.BuildersTestCase" time="0.001"/>
  <testcase name="shouldBuildSWRLBuiltInAtom" classname="org.semanticweb.owlapitools.builders.test.BuildersTestCase" time="0"/>
  <testcase name="shouldBuildReflexiveObjectProperty" classname="org.semanticweb.owlapitools.builders.test.BuildersTestCase" time="0.001"/>
  <testcase name="shouldBuildSWRLSameIndividualAtom" classname="org.semanticweb.owlapitools.builders.test.BuildersTestCase" time="0"/>
  <testcase name="shouldBuildObjectExactCardinality" classname="org.semanticweb.owlapitools.builders.test.BuildersTestCase" time="0"/>
  <testcase name="shouldBuildPropertyChain" classname="org.semanticweb.owlapitools.builders.test.BuildersTestCase" time="0"/>
  <testcase name="shouldBuildSubDataProperty" classname="org.semanticweb.owlapitools.builders.test.BuildersTestCase" time="0"/>
  <testcase name="shouldBuildAnnotation" classname="org.semanticweb.owlapitools.builders.test.BuildersTestCase" time="0"/>
  <testcase name="shouldBuildDisjointUnion" classname="org.semanticweb.owlapitools.builders.test.BuildersTestCase" time="0"/>
  <testcase name="shouldBuildSWRLObjectPropertyAtom" classname="org.semanticweb.owlapitools.builders.test.BuildersTestCase" time="0"/>
  <testcase name="shouldBuildDataMaxCardinality" classname="org.semanticweb.owlapitools.builders.test.BuildersTestCase" time="0"/>
  <testcase name="shouldBuildDisjointObjectProperties" classname="org.semanticweb.owlapitools.builders.test.BuildersTestCase" time="0.001"/>
  <testcase name="shouldBuildSWRLRule" classname="org.semanticweb.owlapitools.builders.test.BuildersTestCase" time="0"/>
  <testcase name="shouldBuildDataAllValuesFrom" classname="org.semanticweb.owlapitools.builders.test.BuildersTestCase" time="0"/>
  <testcase name="shouldBuildObjectAllValuesFrom" classname="org.semanticweb.owlapitools.builders.test.BuildersTestCase" time="0"/>
  <testcase name="shouldBuildSWRLLiteralArgument" classname="org.semanticweb.owlapitools.builders.test.BuildersTestCase" time="0"/>
  <testcase name="shouldBuildNegativeDataPropertyAssertion" classname="org.semanticweb.owlapitools.builders.test.BuildersTestCase" time="0"/>
  <testcase name="shouldBuildDataSomeValuesFrom" classname="org.semanticweb.owlapitools.builders.test.BuildersTestCase" time="0"/>
  <testcase name="shouldBuildObjectMaxCardinality" classname="org.semanticweb.owlapitools.builders.test.BuildersTestCase" time="0"/>
  <testcase name="shouldBuildObjectProperty" classname="org.semanticweb.owlapitools.builders.test.BuildersTestCase" time="0.001"/>
  <testcase name="shouldBuildDataExactCardinality" classname="org.semanticweb.owlapitools.builders.test.BuildersTestCase" time="0"/>
  <testcase name="shouldBuildDataMinCardinality" classname="org.semanticweb.owlapitools.builders.test.BuildersTestCase" time="0"/>
  <testcase name="shouldBuildDeclaration" classname="org.semanticweb.owlapitools.builders.test.BuildersTestCase" time="0"/>
  <testcase name="shouldBuildDisjointClasses" classname="org.semanticweb.owlapitools.builders.test.BuildersTestCase" time="0.001"/>
  <testcase name="shouldBuildSubAnnotationPropertyOf" classname="org.semanticweb.owlapitools.builders.test.BuildersTestCase" time="0"/>
  <testcase name="shouldBuildDataUnionOf" classname="org.semanticweb.owlapitools.builders.test.BuildersTestCase" time="0.001"/>
  <testcase name="shouldBuildObjectSomeValuesFrom" classname="org.semanticweb.owlapitools.builders.test.BuildersTestCase" time="0"/>
  <testcase name="shouldBuildImportsDeclarationProperty" classname="org.semanticweb.owlapitools.builders.test.BuildersTestCase" time="0"/>
  <testcase name="shouldBuildDataIntersectionOf" classname="org.semanticweb.owlapitools.builders.test.BuildersTestCase" time="0"/>
  <testcase name="shouldBuildEquivalentObjectProperties" classname="org.semanticweb.owlapitools.builders.test.BuildersTestCase" time="0"/>
  <testcase name="shouldBuildObjectMinCardinality" classname="org.semanticweb.owlapitools.builders.test.BuildersTestCase" time="0"/>
  <testcase name="shouldBuildDatatype" classname="org.semanticweb.owlapitools.builders.test.BuildersTestCase" time="0"/>
  <testcase name="shouldBuildAnnotationAssertion" classname="org.semanticweb.owlapitools.builders.test.BuildersTestCase" time="0"/>
  <testcase name="shouldBuildComplementOf" classname="org.semanticweb.owlapitools.builders.test.BuildersTestCase" time="0.001"/>
  <testcase name="shouldBuildDataOneOf" classname="org.semanticweb.owlapitools.builders.test.BuildersTestCase" time="0"/>
  <testcase name="shouldBuildDatatypeRestriction" classname="org.semanticweb.owlapitools.builders.test.BuildersTestCase" time="0.001"/>
  <testcase name="shouldBuildSubObjectProperty" classname="org.semanticweb.owlapitools.builders.test.BuildersTestCase" time="0"/>
  <testcase name="shouldBuildFunctionalObjectProperty" classname="org.semanticweb.owlapitools.builders.test.BuildersTestCase" time="0"/>
  <testcase name="shouldBuildNegativeObjectPropertyAssertion" classname="org.semanticweb.owlapitools.builders.test.BuildersTestCase" time="0.001"/>
  <testcase name="shouldBuildObjectIntersectionOf" classname="org.semanticweb.owlapitools.builders.test.BuildersTestCase" time="0"/>
  <testcase name="shouldBuildNamedIndividual" classname="org.semanticweb.owlapitools.builders.test.BuildersTestCase" time="0"/>
  <testcase name="shouldBuildSubClass" classname="org.semanticweb.owlapitools.builders.test.BuildersTestCase" time="0"/>
  <testcase name="shouldBuildTransitiveObjectProperty" classname="org.semanticweb.owlapitools.builders.test.BuildersTestCase" time="0"/>
  <testcase name="shouldBuildInverseObjectProperties" classname="org.semanticweb.owlapitools.builders.test.BuildersTestCase" time="0"/>
  <testcase name="shouldBuildAnnotationPropertyRange" classname="org.semanticweb.owlapitools.builders.test.BuildersTestCase" time="0"/>
  <testcase name="shouldBuildObjectHasValue" classname="org.semanticweb.owlapitools.builders.test.BuildersTestCase" time="0"/>
  <testcase name="shouldBuildUnionOf" classname="org.semanticweb.owlapitools.builders.test.BuildersTestCase" time="0"/>
  <testcase name="shouldBuildDataPropertyRange" classname="org.semanticweb.owlapitools.builders.test.BuildersTestCase" time="0.001"/>
  <testcase name="shouldBuildObjectPropertyRange" classname="org.semanticweb.owlapitools.builders.test.BuildersTestCase" time="0"/>
  <testcase name="shouldBuildObjectInverseOf" classname="org.semanticweb.owlapitools.builders.test.BuildersTestCase" time="0"/>
  <testcase name="shouldBuildObjectPropertyAssertion" classname="org.semanticweb.owlapitools.builders.test.BuildersTestCase" time="0"/>
  <testcase name="shouldBuildSWRLVariable" classname="org.semanticweb.owlapitools.builders.test.BuildersTestCase" time="0.001"/>
  <testcase name="shouldBuildDataProperty" classname="org.semanticweb.owlapitools.builders.test.BuildersTestCase" time="0"/>
  <testcase name="shouldBuildLiteral" classname="org.semanticweb.owlapitools.builders.test.BuildersTestCase" time="0"/>
  <testcase name="shouldBuildSWRLDataRangeAtom" classname="org.semanticweb.owlapitools.builders.test.BuildersTestCase" time="0"/>
  <testcase name="shouldBuildSWRLDifferentIndividualsAtom" classname="org.semanticweb.owlapitools.builders.test.BuildersTestCase" time="0"/>
  <testcase name="shouldBuildAsymmetricObjectProperty" classname="org.semanticweb.owlapitools.builders.test.BuildersTestCase" time="0"/>
  <testcase name="shouldBuildObjectHasSelf" classname="org.semanticweb.owlapitools.builders.test.BuildersTestCase" time="0"/>
  <testcase name="shouldBuildSymmetricObjectProperty" classname="org.semanticweb.owlapitools.builders.test.BuildersTestCase" time="0"/>
  <testcase name="shouldBuildAnnotationProperty" classname="org.semanticweb.owlapitools.builders.test.BuildersTestCase" time="0"/>
  <testcase name="shouldBuildIrreflexiveObjectProperty" classname="org.semanticweb.owlapitools.builders.test.BuildersTestCase" time="0"/>
  <testcase name="shouldBuildSWRLClassAtom" classname="org.semanticweb.owlapitools.builders.test.BuildersTestCase" time="0"/>
  <testcase name="shouldBuildDataComplementOf" classname="org.semanticweb.owlapitools.builders.test.BuildersTestCase" time="0"/>
  <testcase name="shouldBuildSWRLDataPropertyAtom" classname="org.semanticweb.owlapitools.builders.test.BuildersTestCase" time="0"/>
  <testcase name="shouldBuildFunctionalDataProperty" classname="org.semanticweb.owlapitools.builders.test.BuildersTestCase" time="0"/>
  <testcase name="shouldBuildAnnotationPropertyDomain" classname="org.semanticweb.owlapitools.builders.test.BuildersTestCase" time="0"/>
  <testcase name="shouldBuildDataPropertyAssertion" classname="org.semanticweb.owlapitools.builders.test.BuildersTestCase" time="0"/>
  <testcase name="shouldBuildDifferentIndividuals" classname="org.semanticweb.owlapitools.builders.test.BuildersTestCase" time="0"/>
  <testcase name="shouldBuildDataPropertyDomain" classname="org.semanticweb.owlapitools.builders.test.BuildersTestCase" time="0"/>
  <testcase name="shouldBuildEquivalentClasses" classname="org.semanticweb.owlapitools.builders.test.BuildersTestCase" time="0"/>
  <testcase name="shouldBuildInverseFunctionalObjectProperty" classname="org.semanticweb.owlapitools.builders.test.BuildersTestCase" time="0"/>
  <testcase name="shouldBuildFacetRestriction" classname="org.semanticweb.owlapitools.builders.test.BuildersTestCase" time="0"/>
  <testcase name="shouldBuildDataHasValue" classname="org.semanticweb.owlapitools.builders.test.BuildersTestCase" time="0"/>
  <testcase name="shouldBuildSWRLIndividualArgument" classname="org.semanticweb.owlapitools.builders.test.BuildersTestCase" time="0"/>
  <testcase name="shouldBuildDisjointDataProperties" classname="org.semanticweb.owlapitools.builders.test.BuildersTestCase" time="0"/>
  <testcase name="shouldBuildAnonymousIndividual" classname="org.semanticweb.owlapitools.builders.test.BuildersTestCase" time="0"/>
  <testcase name="shouldBuildClassAssertion" classname="org.semanticweb.owlapitools.builders.test.BuildersTestCase" time="0"/>
  <testcase name="shouldBuildSameIndividual" classname="org.semanticweb.owlapitools.builders.test.BuildersTestCase" time="0"/>
  <testcase name="shouldBuildEquivalentDataProperties" classname="org.semanticweb.owlapitools.builders.test.BuildersTestCase" time="0"/>
</testsuite>