<?xml version="1.0" encoding="UTF-8" ?>
<testsuite tests="105" failures="0" name="retrofit.RequestBuilderTest" time="0.191" errors="0" skipped="0">
  <properties>
[...]
</properties>
  <testcase classname="retrofit.RequestBuilderTest" name="getWithQueryUrlAndParam" time="0.065"/>
  <testcase classname="retrofit.RequestBuilderTest" name="custom1Method" time="0.001"/>
  <testcase classname="retrofit.RequestBuilderTest" name="headersFailWhenEmptyOnMethod" time="0.003"/>
  <testcase classname="retrofit.RequestBuilderTest" name="formEncodedFieldOptional" time="0.008"/>
  <testcase classname="retrofit.RequestBuilderTest" name="queryMapMustBeAMap" time="0.004"/>
  <testcase classname="retrofit.RequestBuilderTest" name="getWithPathAndQueryParam" time="0.002"/>
  <testcase classname="retrofit.RequestBuilderTest" name="multipartWithEncoding" time="0.023"/>
  <testcase classname="retrofit.RequestBuilderTest" name="contentTypeInterceptorHeaderAddsHeaderWithNoBody" time="0.002"/>
  <testcase classname="retrofit.RequestBuilderTest" name="pathParamRequired" time="0.001"/>
  <testcase classname="retrofit.RequestBuilderTest" name="contentTypeParameterHeaderOverrides" time="0.003"/>
  <testcase classname="retrofit.RequestBuilderTest" name="multipartPartMap" time="0.002"/>
  <testcase classname="retrofit.RequestBuilderTest" name="multipartPartMapWithEncoding" time="0.001"/>
  <testcase classname="retrofit.RequestBuilderTest" name="formEncodedWithEncodedNameFieldParam" time="0.001"/>
  <testcase classname="retrofit.RequestBuilderTest" name="multipartPartMapRejectsNullKeys" time="0"/>
  <testcase classname="retrofit.RequestBuilderTest" name="fieldMapMustBeAMap" time="0.002"/>
  <testcase classname="retrofit.RequestBuilderTest" name="getWithEncodeNameEncodedValueQueryParam" time="0.001"/>
  <testcase classname="retrofit.RequestBuilderTest" name="simpleHeaders" time="0.004"/>
  <testcase classname="retrofit.RequestBuilderTest" name="delete" time="0"/>
  <testcase classname="retrofit.RequestBuilderTest" name="getWithQueryParamMap" time="0.001"/>
  <testcase classname="retrofit.RequestBuilderTest" name="custom2Method" time="0.002"/>
  <testcase classname="retrofit.RequestBuilderTest" name="streamingResponseNotAllowed" time="0.002"/>
  <testcase classname="retrofit.RequestBuilderTest" name="invalidPathParam" time="0.001"/>
  <testcase classname="retrofit.RequestBuilderTest" name="twoMethodsFail" time="0.006"/>
  <testcase classname="retrofit.RequestBuilderTest" name="implicitMultipartWithPartMapForbidden" time="0"/>
  <testcase classname="retrofit.RequestBuilderTest" name="multipartFailsWithNoParts" time="0"/>
  <testcase classname="retrofit.RequestBuilderTest" name="headerParamArray" time="0"/>
  <testcase classname="retrofit.RequestBuilderTest" name="getWithInterceptorEncodedPathParam" time="0"/>
  <testcase classname="retrofit.RequestBuilderTest" name="allThreeHeaderTypes" time="0"/>
  <testcase classname="retrofit.RequestBuilderTest" name="getWithEncodeNameEncodedValueQueryParamMap" time="0"/>
  <testcase classname="retrofit.RequestBuilderTest" name="getWithEncodeNameQueryParam" time="0"/>
  <testcase classname="retrofit.RequestBuilderTest" name="queryParamOptional" time="0.002"/>
  <testcase classname="retrofit.RequestBuilderTest" name="implicitFormEncodingByFieldMapForbidden" time="0.001"/>
  <testcase classname="retrofit.RequestBuilderTest" name="getWithPathParam" time="0"/>
  <testcase classname="retrofit.RequestBuilderTest" name="headerParamToString" time="0.002"/>
  <testcase classname="retrofit.RequestBuilderTest" name="getWithPathAndQueryQuestionMarkParam" time="0.001"/>
  <testcase classname="retrofit.RequestBuilderTest" name="contentTypeAnnotationHeaderOverrides" time="0"/>
  <testcase classname="retrofit.RequestBuilderTest" name="twoBodies" time="0.001"/>
  <testcase classname="retrofit.RequestBuilderTest" name="getWithQueryParamArray" time="0.001"/>
  <testcase classname="retrofit.RequestBuilderTest" name="streamingResponseWithCallbackNotAllowed" time="0.001"/>
  <testcase classname="retrofit.RequestBuilderTest" name="observableWithCallback" time="0"/>
  <testcase classname="retrofit.RequestBuilderTest" name="pathParamNonPathParamAndTypedBytes" time="0.001"/>
  <testcase classname="retrofit.RequestBuilderTest" name="getWithQueryParamPrimitiveArray" time="0.001"/>
  <testcase classname="retrofit.RequestBuilderTest" name="headersAndInterceptorHeaders" time="0"/>
  <testcase classname="retrofit.RequestBuilderTest" name="onlyOneEncodingIsAllowedFormEncodingFirst" time="0.001"/>
  <testcase classname="retrofit.RequestBuilderTest" name="formEncodingFailsOnNonBodyMethod" time="0"/>
  <testcase classname="retrofit.RequestBuilderTest" name="bodyRequired" time="0.001"/>
  <testcase classname="retrofit.RequestBuilderTest" name="getWithPathAndQueryHashParam" time="0.001"/>
  <testcase classname="retrofit.RequestBuilderTest" name="formEncodedWithEncodedValueFieldParam" time="0.001"/>
  <testcase classname="retrofit.RequestBuilderTest" name="get" time="0.001"/>
  <testcase classname="retrofit.RequestBuilderTest" name="put" time="0"/>
  <testcase classname="retrofit.RequestBuilderTest" name="head" time="0.002"/>
  <testcase classname="retrofit.RequestBuilderTest" name="post" time="0"/>
  <testcase classname="retrofit.RequestBuilderTest" name="bodyWithPathParams" time="0.008"/>
  <testcase classname="retrofit.RequestBuilderTest" name="getWithInterceptorPathParam" time="0.001"/>
  <testcase classname="retrofit.RequestBuilderTest" name="parameterWithoutAnnotation" time="0.001"/>
  <testcase classname="retrofit.RequestBuilderTest" name="patch" time="0.001"/>
  <testcase classname="retrofit.RequestBuilderTest" name="formEncodedFieldArray" time="0"/>
  <testcase classname="retrofit.RequestBuilderTest" name="missingCallbackTypes" time="0.001"/>
  <testcase classname="retrofit.RequestBuilderTest" name="multipartNullRemovesPart" time="0"/>
  <testcase classname="retrofit.RequestBuilderTest" name="queryMapRejectsNullKeys" time="0.001"/>
  <testcase classname="retrofit.RequestBuilderTest" name="getWithEncodedQueryParam" time="0"/>
  <testcase classname="retrofit.RequestBuilderTest" name="formEncodedFieldPrimitiveArray" time="0.001"/>
  <testcase classname="retrofit.RequestBuilderTest" name="getWithInterceptorPathParamAndInterceptorQueryParam" time="0.001"/>
  <testcase classname="retrofit.RequestBuilderTest" name="onlyOneEncodingIsAllowedMultipartFirst" time="0"/>
  <testcase classname="retrofit.RequestBuilderTest" name="getWithQueryParam" time="0"/>
  <testcase classname="retrofit.RequestBuilderTest" name="pathParamNotAllowedInQuery" time="0"/>
  <testcase classname="retrofit.RequestBuilderTest" name="synchronousWithAsyncCallback" time="0"/>
  <testcase classname="retrofit.RequestBuilderTest" name="getWithPathParamAndInterceptorPathParam" time="0"/>
  <testcase classname="retrofit.RequestBuilderTest" name="formEncodedWithEncodedNameFieldParamMap" time="0.001"/>
  <testcase classname="retrofit.RequestBuilderTest" name="bodyInNonBodyRequest" time="0.001"/>
  <testcase classname="retrofit.RequestBuilderTest" name="getWithQuery" time="0"/>
  <testcase classname="retrofit.RequestBuilderTest" name="nonBodyHttpMethodWithSingleEntity" time="0"/>
  <testcase classname="retrofit.RequestBuilderTest" name="getWithPathParamAndInterceptorPathParamAndInterceptorQueryParam" time="0.001"/>
  <testcase classname="retrofit.RequestBuilderTest" name="formEncodedFieldMap" time="0.001"/>
  <testcase classname="retrofit.RequestBuilderTest" name="multipartFailsOnNonBodyMethod" time="0.001"/>
  <testcase classname="retrofit.RequestBuilderTest" name="contentTypeAnnotationHeaderAddsHeaderWithNoBody" time="0"/>
  <testcase classname="retrofit.RequestBuilderTest" name="getWithEncodedPathParam" time="0.001"/>
  <testcase classname="retrofit.RequestBuilderTest" name="headerParam" time="0.001"/>
  <testcase classname="retrofit.RequestBuilderTest" name="fieldMapRejectsNullKeys" time="0"/>
  <testcase classname="retrofit.RequestBuilderTest" name="getWithPathAndQueryAmpersandParam" time="0"/>
  <testcase classname="retrofit.RequestBuilderTest" name="getWithEncodedQueryParamMap" time="0"/>
  <testcase classname="retrofit.RequestBuilderTest" name="simpleMultipart" time="0.001"/>
  <testcase classname="retrofit.RequestBuilderTest" name="multipleParameterAnnotationsNotAllowed" time="0.001"/>
  <testcase classname="retrofit.RequestBuilderTest" name="normalPostWithPathParam" time="0.001"/>
  <testcase classname="retrofit.RequestBuilderTest" name="getWithInterceptorQueryParam" time="0.001"/>
  <testcase classname="retrofit.RequestBuilderTest" name="multipartPartOptional" time="0"/>
  <testcase classname="retrofit.RequestBuilderTest" name="queryParamOptionalOmitsQuery" time="0.001"/>
  <testcase classname="retrofit.RequestBuilderTest" name="headersFailWhenMalformed" time="0"/>
  <testcase classname="retrofit.RequestBuilderTest" name="customWithoutRestMethod" time="0.001"/>
  <testcase classname="retrofit.RequestBuilderTest" name="simpleFormEncoded" time="0.001"/>
  <testcase classname="retrofit.RequestBuilderTest" name="bodyGson" time="0.001"/>
  <testcase classname="retrofit.RequestBuilderTest" name="implicitFormEncodingByFieldForbidden" time="0"/>
  <testcase classname="retrofit.RequestBuilderTest" name="pathMustBePrefixedWithSlash" time="0.001"/>
  <testcase classname="retrofit.RequestBuilderTest" name="getWithPathParamAndInterceptorQueryParam" time="0.001"/>
  <testcase classname="retrofit.RequestBuilderTest" name="implicitMultipartForbidden" time="0.001"/>
  <testcase classname="retrofit.RequestBuilderTest" name="headerParamList" time="0"/>
  <testcase classname="retrofit.RequestBuilderTest" name="formEncodedWithEncodedValueFieldParamMap" time="0.001"/>
  <testcase classname="retrofit.RequestBuilderTest" name="getWithQueryParamList" time="0"/>
  <testcase classname="retrofit.RequestBuilderTest" name="formEncodedFieldList" time="0"/>
  <testcase classname="retrofit.RequestBuilderTest" name="formEncodingFailsWithNoParts" time="0.001"/>
  <testcase classname="retrofit.RequestBuilderTest" name="nonParameterizedCallbackFails" time="0.001"/>
  <testcase classname="retrofit.RequestBuilderTest" name="simpleInterceptorHeaders" time="0.001"/>
  <testcase classname="retrofit.RequestBuilderTest" name="lackingMethod" time="0"/>
  <testcase classname="retrofit.RequestBuilderTest" name="getWithEncodeNameQueryParamMap" time="0.001"/>
  <testcase classname="retrofit.RequestBuilderTest" name="bodyTypedInput" time="0"/>
</testsuite>