<?xml version="1.0" encoding="UTF-8"?>
<testsuite name="org.nutz.json.JsonTest" time="0.115" tests="90" errors="0" skipped="1" failures="0">
  <properties>
[...]
</properties>
  <testcase name="testBoolean" classname="org.nutz.json.JsonTest" time="0"/>
  <testcase name="testMap" classname="org.nutz.json.JsonTest" time="0"/>
  <testcase name="test_enum" classname="org.nutz.json.JsonTest" time="0"/>
  <testcase name="test_eval_radix" classname="org.nutz.json.JsonTest" time="0"/>
  <testcase name="test_region_as_String" classname="org.nutz.json.JsonTest" time="0.031"/>
  <testcase name="test_empty_obj_toJson" classname="org.nutz.json.JsonTest" time="0.008"/>
  <testcase name="test_empty_array_field" classname="org.nutz.json.JsonTest" time="0"/>
  <testcase name="test_map_in_map" classname="org.nutz.json.JsonTest" time="0"/>
  <testcase name="test_bear_error_end_list" classname="org.nutz.json.JsonTest" time="0"/>
  <testcase name="test_bear_error_end_map" classname="org.nutz.json.JsonTest" time="0"/>
  <testcase name="test_toJson_with_enum" classname="org.nutz.json.JsonTest" time="0"/>
  <testcase name="test_toJson_with_super_field" classname="org.nutz.json.JsonTest" time="0"/>
  <testcase name="test_map_class_item" classname="org.nutz.json.JsonTest" time="0.004"/>
  <testcase name="test_map_class_item_as_string" classname="org.nutz.json.JsonTest" time="0"/>
  <testcase name="test_unknown_field_in_json_string" classname="org.nutz.json.JsonTest" time="0.003"/>
  <testcase name="field_name_with_colon" classname="org.nutz.json.JsonTest" time="0"/>
  <testcase name="with_var_ioc_as_prefix" classname="org.nutz.json.JsonTest" time="0"/>
  <testcase name="born_with_map" classname="org.nutz.json.JsonTest" time="0"/>
  <testcase name="when_name_has_unsupport_char" classname="org.nutz.json.JsonTest" time="0"/>
  <testcase name="when_name_has_number_char_at_first" classname="org.nutz.json.JsonTest" time="0"/>
  <testcase name="testSimpleObject" classname="org.nutz.json.JsonTest" time="0"/>
  <testcase name="testFloat" classname="org.nutz.json.JsonTest" time="0"/>
  <testcase name="testLongg" classname="org.nutz.json.JsonTest" time="0"/>
  <testcase name="testDatetime" classname="org.nutz.json.JsonTest" time="0.002"/>
  <testcase name="testSimpleAbc" classname="org.nutz.json.JsonTest" time="0"/>
  <testcase name="testAllTypesInMap" classname="org.nutz.json.JsonTest" time="0"/>
  <testcase name="testSimpleString" classname="org.nutz.json.JsonTest" time="0"/>
  <testcase name="testSimpleMap" classname="org.nutz.json.JsonTest" time="0"/>
  <testcase name="testSimpleMap_asMap" classname="org.nutz.json.JsonTest" time="0"/>
  <testcase name="testSimpleMap2" classname="org.nutz.json.JsonTest" time="0"/>
  <testcase name="testSimpleMap3" classname="org.nutz.json.JsonTest" time="0"/>
  <testcase name="testSimpleMap4" classname="org.nutz.json.JsonTest" time="0"/>
  <testcase name="testSimplePersonObject" classname="org.nutz.json.JsonTest" time="0.001"/>
  <testcase name="testPersonObject" classname="org.nutz.json.JsonTest" time="0">
    <skipped/>
  </testcase>
  <testcase name="testSimpleArray" classname="org.nutz.json.JsonTest" time="0"/>
  <testcase name="testSimpleArray2" classname="org.nutz.json.JsonTest" time="0"/>
  <testcase name="testSimpleList" classname="org.nutz.json.JsonTest" time="0"/>
  <testcase name="test_parse_simple_empty_array" classname="org.nutz.json.JsonTest" time="0"/>
  <testcase name="testSimpleArraySingleInteger" classname="org.nutz.json.JsonTest" time="0"/>
  <testcase name="testSimpleArraySingleDate" classname="org.nutz.json.JsonTest" time="0"/>
  <testcase name="testSimpleArraySingleObject" classname="org.nutz.json.JsonTest" time="0.002"/>
  <testcase name="testSimpleObjectArray" classname="org.nutz.json.JsonTest" time="0"/>
  <testcase name="testNiceModeSimple" classname="org.nutz.json.JsonTest" time="0"/>
  <testcase name="testParseNullFieldObject" classname="org.nutz.json.JsonTest" time="0"/>
  <testcase name="testPrintJsonObject" classname="org.nutz.json.JsonTest" time="0.003"/>
  <testcase name="testFilterField" classname="org.nutz.json.JsonTest" time="0.001"/>
  <testcase name="testFilterField2" classname="org.nutz.json.JsonTest" time="0.002"/>
  <testcase name="testOutpuProjectsAsList" classname="org.nutz.json.JsonTest" time="0.008"/>
  <testcase name="testUndefined" classname="org.nutz.json.JsonTest" time="0"/>
  <testcase name="testEnumOutput" classname="org.nutz.json.JsonTest" time="0.002"/>
  <testcase name="testEmptyMap" classname="org.nutz.json.JsonTest" time="0"/>
  <testcase name="testEmptyObject" classname="org.nutz.json.JsonTest" time="0"/>
  <testcase name="test_output_not_quote_name" classname="org.nutz.json.JsonTest" time="0.011"/>
  <testcase name="testDuplicateArrayList" classname="org.nutz.json.JsonTest" time="0.001"/>
  <testcase name="test_special_char" classname="org.nutz.json.JsonTest" time="0"/>
  <testcase name="test_number_output" classname="org.nutz.json.JsonTest" time="0"/>
  <testcase name="test_dollar_as_name" classname="org.nutz.json.JsonTest" time="0"/>
  <testcase name="test_output_json_string" classname="org.nutz.json.JsonTest" time="0.001"/>
  <testcase name="test_generic_type_list" classname="org.nutz.json.JsonTest" time="0.001"/>
  <testcase name="test_ioc_value" classname="org.nutz.json.JsonTest" time="0.003"/>
  <testcase name="test_field_as_map_with_list_value" classname="org.nutz.json.JsonTest" time="0.002"/>
  <testcase name="test_output_nostr_key_map" classname="org.nutz.json.JsonTest" time="0"/>
  <testcase name="test_separator" classname="org.nutz.json.JsonTest" time="0"/>
  <testcase name="test_setvalue_by_setter" classname="org.nutz.json.JsonTest" time="0"/>
  <testcase name="test_toJson" classname="org.nutz.json.JsonTest" time="0"/>
  <testcase name="test_X" classname="org.nutz.json.JsonTest" time="0.001"/>
  <testcase name="test_toList" classname="org.nutz.json.JsonTest" time="0"/>
  <testcase name="test_bad_json" classname="org.nutz.json.JsonTest" time="0.002"/>
  <testcase name="test_render_char" classname="org.nutz.json.JsonTest" time="0"/>
  <testcase name="test_inner_class" classname="org.nutz.json.JsonTest" time="0.004"/>
  <testcase name="test_map_null" classname="org.nutz.json.JsonTest" time="0"/>
  <testcase name="test_from_list" classname="org.nutz.json.JsonTest" time="0"/>
  <testcase name="test_sp" classname="org.nutz.json.JsonTest" time="0"/>
  <testcase name="test_json3" classname="org.nutz.json.JsonTest" time="0.001"/>
  <testcase name="test_ignore_numbers" classname="org.nutz.json.JsonTest" time="0.005"/>
  <testcase name="test_unicode" classname="org.nutz.json.JsonTest" time="0"/>
  <testcase name="test_json_date" classname="org.nutz.json.JsonTest" time="0.012"/>
  <testcase name="test_json_date2" classname="org.nutz.json.JsonTest" time="0"/>
  <testcase name="test_self_toString_toJson" classname="org.nutz.json.JsonTest" time="0"/>
  <testcase name="test_number_formt_tojson" classname="org.nutz.json.JsonTest" time="0"/>
  <testcase name="test_date_formt" classname="org.nutz.json.JsonTest" time="0"/>
  <testcase name="test_circule_map_pojo" classname="org.nutz.json.JsonTest" time="0"/>
  <testcase name="test_ptype_map" classname="org.nutz.json.JsonTest" time="0"/>
  <testcase name="test_null_as_emtry_string" classname="org.nutz.json.JsonTest" time="0"/>
  <testcase name="test_json_all_string" classname="org.nutz.json.JsonTest" time="0"/>
  <testcase name="test_json_timezone" classname="org.nutz.json.JsonTest" time="0"/>
  <testcase name="test_json_nullAsEmtry" classname="org.nutz.json.JsonTest" time="0"/>
  <testcase name="test_json_nullStringAsEmtry" classname="org.nutz.json.JsonTest" time="0.004"/>
  <testcase name="test_json_08" classname="org.nutz.json.JsonTest" time="0"/>
  <testcase name="test_issue_1285" classname="org.nutz.json.JsonTest" time="0"/>
</testsuite>