<?xml version="1.0" encoding="UTF-8"?>
<testsuite name="org.nutz.lang.StringsTest" time="0.054" tests="51" errors="0" skipped="0" failures="0">
  <properties>
[...]
</properties>
  <testcase name="test_line_2_hump" classname="org.nutz.lang.StringsTest" time="0"/>
  <testcase name="test_hump_2_line" classname="org.nutz.lang.StringsTest" time="0"/>
  <testcase name="test_split_with_escape_quote" classname="org.nutz.lang.StringsTest" time="0"/>
  <testcase name="test_split_by_whitespace" classname="org.nutz.lang.StringsTest" time="0.001"/>
  <testcase name="test_by_eacape" classname="org.nutz.lang.StringsTest" time="0"/>
  <testcase name="test_by_escape_in_quote" classname="org.nutz.lang.StringsTest" time="0"/>
  <testcase name="test_pipes_parse2" classname="org.nutz.lang.StringsTest" time="0"/>
  <testcase name="test_pipes_parse" classname="org.nutz.lang.StringsTest" time="0"/>
  <testcase name="test_tokens_parse" classname="org.nutz.lang.StringsTest" time="0"/>
  <testcase name="test_isQuoteBy_null" classname="org.nutz.lang.StringsTest" time="0"/>
  <testcase name="test_is_full_width_character" classname="org.nutz.lang.StringsTest" time="0.019"/>
  <testcase name="test_is_full_width_string" classname="org.nutz.lang.StringsTest" time="0"/>
  <testcase name="test_is_half_width_string" classname="org.nutz.lang.StringsTest" time="0"/>
  <testcase name="test_is_chinese_character" classname="org.nutz.lang.StringsTest" time="0"/>
  <testcase name="test_char_length" classname="org.nutz.lang.StringsTest" time="0.001"/>
  <testcase name="test_dup_char_sequence" classname="org.nutz.lang.StringsTest" time="0"/>
  <testcase name="test_dup_char" classname="org.nutz.lang.StringsTest" time="0"/>
  <testcase name="test_upperFirst" classname="org.nutz.lang.StringsTest" time="0"/>
  <testcase name="test_lower_first" classname="org.nutz.lang.StringsTest" time="0"/>
  <testcase name="test_replaceBy" classname="org.nutz.lang.StringsTest" time="0"/>
  <testcase name="test_equals_string_ignore_case" classname="org.nutz.lang.StringsTest" time="0"/>
  <testcase name="test_equals_string" classname="org.nutz.lang.StringsTest" time="0"/>
  <testcase name="test_is_empty" classname="org.nutz.lang.StringsTest" time="0"/>
  <testcase name="test_is_blank" classname="org.nutz.lang.StringsTest" time="0"/>
  <testcase name="test_trim" classname="org.nutz.lang.StringsTest" time="0"/>
  <testcase name="test_split_ignore_blank" classname="org.nutz.lang.StringsTest" time="0"/>
  <testcase name="test_fill_digit" classname="org.nutz.lang.StringsTest" time="0"/>
  <testcase name="test_fill_hex" classname="org.nutz.lang.StringsTest" time="0"/>
  <testcase name="test_fill_binary" classname="org.nutz.lang.StringsTest" time="0"/>
  <testcase name="test_to_digit" classname="org.nutz.lang.StringsTest" time="0.001"/>
  <testcase name="test_to_hex" classname="org.nutz.lang.StringsTest" time="0"/>
  <testcase name="test_to_binary" classname="org.nutz.lang.StringsTest" time="0.004"/>
  <testcase name="test_cut_right" classname="org.nutz.lang.StringsTest" time="0"/>
  <testcase name="test_cut_left" classname="org.nutz.lang.StringsTest" time="0"/>
  <testcase name="test_align_left" classname="org.nutz.lang.StringsTest" time="0"/>
  <testcase name="test_align_right" classname="org.nutz.lang.StringsTest" time="0.001"/>
  <testcase name="test_is_quote_by_ignore_blank" classname="org.nutz.lang.StringsTest" time="0"/>
  <testcase name="test_is_quote_by" classname="org.nutz.lang.StringsTest" time="0"/>
  <testcase name="test_max_length_4_collection" classname="org.nutz.lang.StringsTest" time="0"/>
  <testcase name="test_max_length_4_array" classname="org.nutz.lang.StringsTest" time="0"/>
  <testcase name="test_default_string_when_null" classname="org.nutz.lang.StringsTest" time="0"/>
  <testcase name="test_default_string_when_blank" classname="org.nutz.lang.StringsTest" time="0.001"/>
  <testcase name="test_remove_first" classname="org.nutz.lang.StringsTest" time="0"/>
  <testcase name="test_remove_first_special_char" classname="org.nutz.lang.StringsTest" time="0"/>
  <testcase name="test_string_is_in_array" classname="org.nutz.lang.StringsTest" time="0"/>
  <testcase name="test_is_email" classname="org.nutz.lang.StringsTest" time="0.026"/>
  <testcase name="test_upper_word" classname="org.nutz.lang.StringsTest" time="0"/>
  <testcase name="test_escape_html" classname="org.nutz.lang.StringsTest" time="0"/>
  <testcase name="test_issue461" classname="org.nutz.lang.StringsTest" time="0"/>
  <testcase name="test_join_array" classname="org.nutz.lang.StringsTest" time="0"/>
  <testcase name="test_change_charset" classname="org.nutz.lang.StringsTest" time="0"/>
</testsuite>