<?xml version="1.0" encoding="UTF-8" ?>
<testsuite tests="3" failures="0" name="org.nutz.dao.test.mapping.LinksGeneralTest" time="0.001" errors="3" skipped="0">
  <properties>
[...]
</properties>
  <testcase classname="org.nutz.dao.test.mapping.LinksGeneralTest" name="fetch_all_links" time="0">
    <error message="[dao, dataSource, config] # FAIL to create Ioc Bean name=[config]" type="org.nutz.ioc.IocException">org.nutz.ioc.IocException: [dao, dataSource, config] # FAIL to create Ioc Bean name=[config]
	at org.nutz.ioc.impl.ObjectMakerImpl.make(ObjectMakerImpl.java:149)
	at org.nutz.ioc.impl.NutIoc.get(NutIoc.java:201)
	at org.nutz.ioc.impl.NutIoc.get(NutIoc.java:227)
	at org.nutz.ioc.java.IocObjectNode.getValue(IocObjectNode.java:19)
	at org.nutz.ioc.java.ChainNode.eval(ChainNode.java:24)
	at org.nutz.ioc.java.ChainNode.eval(ChainNode.java:19)
	at org.nutz.ioc.val.JavaValue.get(JavaValue.java:69)
	at org.nutz.ioc.weaver.FieldInjector.inject(FieldInjector.java:31)
	at org.nutz.ioc.weaver.DefaultWeaver.fill(DefaultWeaver.java:56)
	at org.nutz.ioc.impl.ObjectMakerImpl.make(ObjectMakerImpl.java:135)
	at org.nutz.ioc.impl.NutIoc.get(NutIoc.java:201)
	at org.nutz.ioc.val.ReferValue.get(ReferValue.java:24)
	at org.nutz.ioc.impl.ObjectMakerImpl.make(ObjectMakerImpl.java:75)
	at org.nutz.ioc.impl.NutIoc.get(NutIoc.java:201)
	at org.nutz.ioc.impl.NutIoc.get(NutIoc.java:227)
	at org.nutz.dao.test.DaoCase.setUp(DaoCase.java:21)
	at sun.reflect.GeneratedMethodAccessor19.invoke(Unknown Source)
	at sun.reflect.DelegatingMethodAccessorImpl.invoke(DelegatingMethodAccessorImpl.java:43)
	at java.lang.reflect.Method.invoke(Method.java:498)
	at org.junit.runners.model.FrameworkMethod$1.runReflectiveCall(FrameworkMethod.java:44)
	at org.junit.internal.runners.model.ReflectiveCallable.run(ReflectiveCallable.java:15)
	at org.junit.runners.model.FrameworkMethod.invokeExplosively(FrameworkMethod.java:41)
	at org.junit.internal.runners.statements.RunBefores.evaluate(RunBefores.java:27)
	at org.junit.internal.runners.statements.RunAfters.evaluate(RunAfters.java:31)
	at org.junit.runners.BlockJUnit4ClassRunner.runNotIgnored(BlockJUnit4ClassRunner.java:79)
	at org.junit.runners.BlockJUnit4ClassRunner.runChild(BlockJUnit4ClassRunner.java:71)
	at org.junit.runners.BlockJUnit4ClassRunner.runChild(BlockJUnit4ClassRunner.java:49)
	at org.junit.runners.ParentRunner$3.run(ParentRunner.java:193)
	at org.junit.runners.ParentRunner$1.schedule(ParentRunner.java:52)
	at org.junit.runners.ParentRunner.runChildren(ParentRunner.java:191)
	at org.junit.runners.ParentRunner.access$000(ParentRunner.java:42)
	at org.junit.runners.ParentRunner$2.evaluate(ParentRunner.java:184)
	at org.junit.runners.ParentRunner.run(ParentRunner.java:236)
	at org.apache.maven.surefire.junit4.JUnit4Provider.execute(JUnit4Provider.java:252)
	at org.apache.maven.surefire.junit4.JUnit4Provider.executeTestSet(JUnit4Provider.java:141)
	at org.apache.maven.surefire.junit4.JUnit4Provider.invoke(JUnit4Provider.java:112)
	at sun.reflect.NativeMethodAccessorImpl.invoke0(Native Method)
	at sun.reflect.NativeMethodAccessorImpl.invoke(NativeMethodAccessorImpl.java:62)
	at sun.reflect.DelegatingMethodAccessorImpl.invoke(DelegatingMethodAccessorImpl.java:43)
	at java.lang.reflect.Method.invoke(Method.java:498)
	at org.apache.maven.surefire.util.ReflectionUtils.invokeMethodWithArray(ReflectionUtils.java:189)
	at org.apache.maven.surefire.booter.ProviderFactory$ProviderProxy.invoke(ProviderFactory.java:165)
	at org.apache.maven.surefire.booter.ProviderFactory.invokeProvider(ProviderFactory.java:85)
	at org.apache.maven.surefire.booter.ForkedBooter.runSuitesInProcess(ForkedBooter.java:115)
	at org.apache.maven.surefire.booter.ForkedBooter.main(ForkedBooter.java:75)
Caused by: java.lang.RuntimeException: Fail to set &apos;[nutz-test.properties]&apos;[ [Ljava.lang.String;@46244e65 ] by setter org.nutz.ioc.impl.PropertiesProxy.&apos;setPaths()&apos; because [java.lang.RuntimeException: folder or file like &apos;^.+[.]properties$&apos; no found in nutz-test.properties]: folder or file like &apos;^.+[.]properties$&apos; no found in nutz-test.properties
	at org.nutz.lang.Lang.makeThrow(Lang.java:104)
	at org.nutz.lang.inject.InjectBySetter.inject(InjectBySetter.java:44)
	at org.nutz.ioc.weaver.FieldInjector.inject(FieldInjector.java:32)
	at org.nutz.ioc.weaver.DefaultWeaver.fill(DefaultWeaver.java:56)
	at org.nutz.ioc.impl.ObjectMakerImpl.make(ObjectMakerImpl.java:135)
	... 44 more
</error>
  </testcase>
  <testcase classname="org.nutz.dao.test.mapping.LinksGeneralTest" name="insert_links_with_exception" time="0.001">
    <error message="[dao, dataSource, config] # FAIL to create Ioc Bean name=[config]" type="org.nutz.ioc.IocException">org.nutz.ioc.IocException: [dao, dataSource, config] # FAIL to create Ioc Bean name=[config]
	at org.nutz.ioc.impl.ObjectMakerImpl.make(ObjectMakerImpl.java:149)
	at org.nutz.ioc.impl.NutIoc.get(NutIoc.java:201)
	at org.nutz.ioc.impl.NutIoc.get(NutIoc.java:227)
	at org.nutz.ioc.java.IocObjectNode.getValue(IocObjectNode.java:19)
	at org.nutz.ioc.java.ChainNode.eval(ChainNode.java:24)
	at org.nutz.ioc.java.ChainNode.eval(ChainNode.java:19)
	at org.nutz.ioc.val.JavaValue.get(JavaValue.java:69)
	at org.nutz.ioc.weaver.FieldInjector.inject(FieldInjector.java:31)
	at org.nutz.ioc.weaver.DefaultWeaver.fill(DefaultWeaver.java:56)
	at org.nutz.ioc.impl.ObjectMakerImpl.make(ObjectMakerImpl.java:135)
	at org.nutz.ioc.impl.NutIoc.get(NutIoc.java:201)
	at org.nutz.ioc.val.ReferValue.get(ReferValue.java:24)
	at org.nutz.ioc.impl.ObjectMakerImpl.make(ObjectMakerImpl.java:75)
	at org.nutz.ioc.impl.NutIoc.get(NutIoc.java:201)
	at org.nutz.ioc.impl.NutIoc.get(NutIoc.java:227)
	at org.nutz.dao.test.DaoCase.setUp(DaoCase.java:21)
	at sun.reflect.GeneratedMethodAccessor19.invoke(Unknown Source)
	at sun.reflect.DelegatingMethodAccessorImpl.invoke(DelegatingMethodAccessorImpl.java:43)
	at java.lang.reflect.Method.invoke(Method.java:498)
	at org.junit.runners.model.FrameworkMethod$1.runReflectiveCall(FrameworkMethod.java:44)
	at org.junit.internal.runners.model.ReflectiveCallable.run(ReflectiveCallable.java:15)
	at org.junit.runners.model.FrameworkMethod.invokeExplosively(FrameworkMethod.java:41)
	at org.junit.internal.runners.statements.RunBefores.evaluate(RunBefores.java:27)
	at org.junit.internal.runners.statements.RunAfters.evaluate(RunAfters.java:31)
	at org.junit.runners.BlockJUnit4ClassRunner.runNotIgnored(BlockJUnit4ClassRunner.java:79)
	at org.junit.runners.BlockJUnit4ClassRunner.runChild(BlockJUnit4ClassRunner.java:71)
	at org.junit.runners.BlockJUnit4ClassRunner.runChild(BlockJUnit4ClassRunner.java:49)
	at org.junit.runners.ParentRunner$3.run(ParentRunner.java:193)
	at org.junit.runners.ParentRunner$1.schedule(ParentRunner.java:52)
	at org.junit.runners.ParentRunner.runChildren(ParentRunner.java:191)
	at org.junit.runners.ParentRunner.access$000(ParentRunner.java:42)
	at org.junit.runners.ParentRunner$2.evaluate(ParentRunner.java:184)
	at org.junit.runners.ParentRunner.run(ParentRunner.java:236)
	at org.apache.maven.surefire.junit4.JUnit4Provider.execute(JUnit4Provider.java:252)
	at org.apache.maven.surefire.junit4.JUnit4Provider.executeTestSet(JUnit4Provider.java:141)
	at org.apache.maven.surefire.junit4.JUnit4Provider.invoke(JUnit4Provider.java:112)
	at sun.reflect.NativeMethodAccessorImpl.invoke0(Native Method)
	at sun.reflect.NativeMethodAccessorImpl.invoke(NativeMethodAccessorImpl.java:62)
	at sun.reflect.DelegatingMethodAccessorImpl.invoke(DelegatingMethodAccessorImpl.java:43)
	at java.lang.reflect.Method.invoke(Method.java:498)
	at org.apache.maven.surefire.util.ReflectionUtils.invokeMethodWithArray(ReflectionUtils.java:189)
	at org.apache.maven.surefire.booter.ProviderFactory$ProviderProxy.invoke(ProviderFactory.java:165)
	at org.apache.maven.surefire.booter.ProviderFactory.invokeProvider(ProviderFactory.java:85)
	at org.apache.maven.surefire.booter.ForkedBooter.runSuitesInProcess(ForkedBooter.java:115)
	at org.apache.maven.surefire.booter.ForkedBooter.main(ForkedBooter.java:75)
Caused by: java.lang.RuntimeException: Fail to set &apos;[nutz-test.properties]&apos;[ [Ljava.lang.String;@31ee5a9 ] by setter org.nutz.ioc.impl.PropertiesProxy.&apos;setPaths()&apos; because [java.lang.RuntimeException: folder or file like &apos;^.+[.]properties$&apos; no found in nutz-test.properties]: folder or file like &apos;^.+[.]properties$&apos; no found in nutz-test.properties
	at org.nutz.lang.Lang.makeThrow(Lang.java:104)
	at org.nutz.lang.inject.InjectBySetter.inject(InjectBySetter.java:44)
	at org.nutz.ioc.weaver.FieldInjector.inject(FieldInjector.java:32)
	at org.nutz.ioc.weaver.DefaultWeaver.fill(DefaultWeaver.java:56)
	at org.nutz.ioc.impl.ObjectMakerImpl.make(ObjectMakerImpl.java:135)
	... 44 more
</error>
  </testcase>
  <testcase classname="org.nutz.dao.test.mapping.LinksGeneralTest" name="test_fetchLinks_cnd" time="0">
    <error message="[dao, dataSource, config] # FAIL to create Ioc Bean name=[config]" type="org.nutz.ioc.IocException">org.nutz.ioc.IocException: [dao, dataSource, config] # FAIL to create Ioc Bean name=[config]
	at org.nutz.ioc.impl.ObjectMakerImpl.make(ObjectMakerImpl.java:149)
	at org.nutz.ioc.impl.NutIoc.get(NutIoc.java:201)
	at org.nutz.ioc.impl.NutIoc.get(NutIoc.java:227)
	at org.nutz.ioc.java.IocObjectNode.getValue(IocObjectNode.java:19)
	at org.nutz.ioc.java.ChainNode.eval(ChainNode.java:24)
	at org.nutz.ioc.java.ChainNode.eval(ChainNode.java:19)
	at org.nutz.ioc.val.JavaValue.get(JavaValue.java:69)
	at org.nutz.ioc.weaver.FieldInjector.inject(FieldInjector.java:31)
	at org.nutz.ioc.weaver.DefaultWeaver.fill(DefaultWeaver.java:56)
	at org.nutz.ioc.impl.ObjectMakerImpl.make(ObjectMakerImpl.java:135)
	at org.nutz.ioc.impl.NutIoc.get(NutIoc.java:201)
	at org.nutz.ioc.val.ReferValue.get(ReferValue.java:24)
	at org.nutz.ioc.impl.ObjectMakerImpl.make(ObjectMakerImpl.java:75)
	at org.nutz.ioc.impl.NutIoc.get(NutIoc.java:201)
	at org.nutz.ioc.impl.NutIoc.get(NutIoc.java:227)
	at org.nutz.dao.test.DaoCase.setUp(DaoCase.java:21)
	at sun.reflect.GeneratedMethodAccessor19.invoke(Unknown Source)
	at sun.reflect.DelegatingMethodAccessorImpl.invoke(DelegatingMethodAccessorImpl.java:43)
	at java.lang.reflect.Method.invoke(Method.java:498)
	at org.junit.runners.model.FrameworkMethod$1.runReflectiveCall(FrameworkMethod.java:44)
	at org.junit.internal.runners.model.ReflectiveCallable.run(ReflectiveCallable.java:15)
	at org.junit.runners.model.FrameworkMethod.invokeExplosively(FrameworkMethod.java:41)
	at org.junit.internal.runners.statements.RunBefores.evaluate(RunBefores.java:27)
	at org.junit.internal.runners.statements.RunAfters.evaluate(RunAfters.java:31)
	at org.junit.runners.BlockJUnit4ClassRunner.runNotIgnored(BlockJUnit4ClassRunner.java:79)
	at org.junit.runners.BlockJUnit4ClassRunner.runChild(BlockJUnit4ClassRunner.java:71)
	at org.junit.runners.BlockJUnit4ClassRunner.runChild(BlockJUnit4ClassRunner.java:49)
	at org.junit.runners.ParentRunner$3.run(ParentRunner.java:193)
	at org.junit.runners.ParentRunner$1.schedule(ParentRunner.java:52)
	at org.junit.runners.ParentRunner.runChildren(ParentRunner.java:191)
	at org.junit.runners.ParentRunner.access$000(ParentRunner.java:42)
	at org.junit.runners.ParentRunner$2.evaluate(ParentRunner.java:184)
	at org.junit.runners.ParentRunner.run(ParentRunner.java:236)
	at org.apache.maven.surefire.junit4.JUnit4Provider.execute(JUnit4Provider.java:252)
	at org.apache.maven.surefire.junit4.JUnit4Provider.executeTestSet(JUnit4Provider.java:141)
	at org.apache.maven.surefire.junit4.JUnit4Provider.invoke(JUnit4Provider.java:112)
	at sun.reflect.NativeMethodAccessorImpl.invoke0(Native Method)
	at sun.reflect.NativeMethodAccessorImpl.invoke(NativeMethodAccessorImpl.java:62)
	at sun.reflect.DelegatingMethodAccessorImpl.invoke(DelegatingMethodAccessorImpl.java:43)
	at java.lang.reflect.Method.invoke(Method.java:498)
	at org.apache.maven.surefire.util.ReflectionUtils.invokeMethodWithArray(ReflectionUtils.java:189)
	at org.apache.maven.surefire.booter.ProviderFactory$ProviderProxy.invoke(ProviderFactory.java:165)
	at org.apache.maven.surefire.booter.ProviderFactory.invokeProvider(ProviderFactory.java:85)
	at org.apache.maven.surefire.booter.ForkedBooter.runSuitesInProcess(ForkedBooter.java:115)
	at org.apache.maven.surefire.booter.ForkedBooter.main(ForkedBooter.java:75)
Caused by: java.lang.RuntimeException: Fail to set &apos;[nutz-test.properties]&apos;[ [Ljava.lang.String;@147a8d7c ] by setter org.nutz.ioc.impl.PropertiesProxy.&apos;setPaths()&apos; because [java.lang.RuntimeException: folder or file like &apos;^.+[.]properties$&apos; no found in nutz-test.properties]: folder or file like &apos;^.+[.]properties$&apos; no found in nutz-test.properties
	at org.nutz.lang.Lang.makeThrow(Lang.java:104)
	at org.nutz.lang.inject.InjectBySetter.inject(InjectBySetter.java:44)
	at org.nutz.ioc.weaver.FieldInjector.inject(FieldInjector.java:32)
	at org.nutz.ioc.weaver.DefaultWeaver.fill(DefaultWeaver.java:56)
	at org.nutz.ioc.impl.ObjectMakerImpl.make(ObjectMakerImpl.java:135)
	... 44 more
</error>
  </testcase>
</testsuite>