<?xml version="1.0" encoding="UTF-8" ?>
<testsuite tests="52" failures="0" name="org.nutz.castor.CastorTest" time="0" errors="0" skipped="0">
  <properties>
[...]
</properties>
  <testcase classname="org.nutz.castor.CastorTest" name="test_cast_to_boolean" time="0"/>
  <testcase classname="org.nutz.castor.CastorTest" name="test_string_2_nutmap" time="0"/>
  <testcase classname="org.nutz.castor.CastorTest" name="test_str_2_number_zero" time="0"/>
  <testcase classname="org.nutz.castor.CastorTest" name="Object2Array" time="0"/>
  <testcase classname="org.nutz.castor.CastorTest" name="test_Double_to_int" time="0"/>
  <testcase classname="org.nutz.castor.CastorTest" name="test_yyMMdd_to_Timestamp" time="0"/>
  <testcase classname="org.nutz.castor.CastorTest" name="test_null_to_byte_and_short" time="0"/>
  <testcase classname="org.nutz.castor.CastorTest" name="test_cast_blank_to_Integer" time="0"/>
  <testcase classname="org.nutz.castor.CastorTest" name="testCalendar" time="0"/>
  <testcase classname="org.nutz.castor.CastorTest" name="testCalendarParse" time="0"/>
  <testcase classname="org.nutz.castor.CastorTest" name="testInteger2int" time="0"/>
  <testcase classname="org.nutz.castor.CastorTest" name="testInt2Boolean" time="0"/>
  <testcase classname="org.nutz.castor.CastorTest" name="testFloat2Boolean" time="0"/>
  <testcase classname="org.nutz.castor.CastorTest" name="testLong2int" time="0"/>
  <testcase classname="org.nutz.castor.CastorTest" name="testLong2Float" time="0"/>
  <testcase classname="org.nutz.castor.CastorTest" name="testBoolean2Int" time="0"/>
  <testcase classname="org.nutz.castor.CastorTest" name="testString2Long" time="0"/>
  <testcase classname="org.nutz.castor.CastorTest" name="testLong2String" time="0"/>
  <testcase classname="org.nutz.castor.CastorTest" name="testString2bool" time="0"/>
  <testcase classname="org.nutz.castor.CastorTest" name="testString2int" time="0"/>
  <testcase classname="org.nutz.castor.CastorTest" name="testString2Email" time="0"/>
  <testcase classname="org.nutz.castor.CastorTest" name="testString2Float" time="0"/>
  <testcase classname="org.nutz.castor.CastorTest" name="testFloat2String" time="0"/>
  <testcase classname="org.nutz.castor.CastorTest" name="testString2JavaDate" time="0"/>
  <testcase classname="org.nutz.castor.CastorTest" name="testString2Date" time="0"/>
  <testcase classname="org.nutz.castor.CastorTest" name="testString2Time" time="0"/>
  <testcase classname="org.nutz.castor.CastorTest" name="testStringArray2List" time="0"/>
  <testcase classname="org.nutz.castor.CastorTest" name="testIntArray2List" time="0"/>
  <testcase classname="org.nutz.castor.CastorTest" name="testStringList2Arry" time="0"/>
  <testcase classname="org.nutz.castor.CastorTest" name="testIntList2Array" time="0"/>
  <testcase classname="org.nutz.castor.CastorTest" name="testArray2String" time="0"/>
  <testcase classname="org.nutz.castor.CastorTest" name="testString2Array" time="0"/>
  <testcase classname="org.nutz.castor.CastorTest" name="testArray2Array" time="0"/>
  <testcase classname="org.nutz.castor.CastorTest" name="testEnum" time="0"/>
  <testcase classname="org.nutz.castor.CastorTest" name="testCollection2Object" time="0"/>
  <testcase classname="org.nutz.castor.CastorTest" name="testString2Char" time="0"/>
  <testcase classname="org.nutz.castor.CastorTest" name="testCharacter2char" time="0"/>
  <testcase classname="org.nutz.castor.CastorTest" name="testString2File" time="0"/>
  <testcase classname="org.nutz.castor.CastorTest" name="testFile2String" time="0"/>
  <testcase classname="org.nutz.castor.CastorTest" name="testTimestamp2sqlDate" time="0"/>
  <testcase classname="org.nutz.castor.CastorTest" name="testSqlDate2Timestamp" time="0"/>
  <testcase classname="org.nutz.castor.CastorTest" name="testTimestamp2sqlTime" time="0"/>
  <testcase classname="org.nutz.castor.CastorTest" name="testSqlTime2Timestamp" time="0"/>
  <testcase classname="org.nutz.castor.CastorTest" name="testDatetime2sqlDate" time="0"/>
  <testcase classname="org.nutz.castor.CastorTest" name="testSqlDate2Datetime" time="0"/>
  <testcase classname="org.nutz.castor.CastorTest" name="testDatetime2sqlTime" time="0"/>
  <testcase classname="org.nutz.castor.CastorTest" name="testSqlTime2Datetime" time="0"/>
  <testcase classname="org.nutz.castor.CastorTest" name="test_string_to_primitive" time="0"/>
  <testcase classname="org.nutz.castor.CastorTest" name="testDatetime2String" time="0"/>
  <testcase classname="org.nutz.castor.CastorTest" name="testSetSetting" time="0"/>
  <testcase classname="org.nutz.castor.CastorTest" name="testAddCastor" time="0"/>
  <testcase classname="org.nutz.castor.CastorTest" name="testString2Enum" time="0"/>
</testsuite>