<?xml version="1.0" encoding="UTF-8" ?>
<testsuite tests="60" failures="0" name="com.github.davidmoten.rx.jdbc.UtilTest" time="0.059" errors="0" skipped="0">
  <properties>
[...]
</properties>
  <testcase classname="com.github.davidmoten.rx.jdbc.UtilTest" name="testAutoMapBigDecimalToInteger" time="0"/>
  <testcase classname="com.github.davidmoten.rx.jdbc.UtilTest" name="testAutoMapOfSqlTimeToBigInteger" time="0"/>
  <testcase classname="com.github.davidmoten.rx.jdbc.UtilTest" name="testAutoMapOfLongToFloat" time="0"/>
  <testcase classname="com.github.davidmoten.rx.jdbc.UtilTest" name="testAutoMapOfSqlTimeToUtilDate" time="0"/>
  <testcase classname="com.github.davidmoten.rx.jdbc.UtilTest" name="testCamelCaseToUnderscore" time="0"/>
  <testcase classname="com.github.davidmoten.rx.jdbc.UtilTest" name="testAutoMapOfSqlTimestampToBigInteger" time="0"/>
  <testcase classname="com.github.davidmoten.rx.jdbc.UtilTest" name="testAutoMapBigIntegerToDouble" time="0"/>
  <testcase classname="com.github.davidmoten.rx.jdbc.UtilTest" name="testAutoMapOfDoubleToBigDecimal" time="0"/>
  <testcase classname="com.github.davidmoten.rx.jdbc.UtilTest" name="testAutoMapOfSqlTimestampToSimple" time="0"/>
  <testcase classname="com.github.davidmoten.rx.jdbc.UtilTest" name="testMapObjectNullClob" time="0.049"/>
  <testcase classname="com.github.davidmoten.rx.jdbc.UtilTest" name="testAutoMapBlobToSimple" time="0.001"/>
  <testcase classname="com.github.davidmoten.rx.jdbc.UtilTest" name="testCountOfQuestionMarks" time="0"/>
  <testcase classname="com.github.davidmoten.rx.jdbc.UtilTest" name="testAutoMapOfNumberToDouble" time="0"/>
  <testcase classname="com.github.davidmoten.rx.jdbc.UtilTest" name="testAutoMapClobToSimple" time="0.001"/>
  <testcase classname="com.github.davidmoten.rx.jdbc.UtilTest" name="testAutoMapOfDoubleToBigInteger" time="0"/>
  <testcase classname="com.github.davidmoten.rx.jdbc.UtilTest" name="testCamelCaseToUnderscore2" time="0"/>
  <testcase classname="com.github.davidmoten.rx.jdbc.UtilTest" name="testCamelCaseToUnderscore3" time="0"/>
  <testcase classname="com.github.davidmoten.rx.jdbc.UtilTest" name="testCamelCaseToUnderscore4" time="0"/>
  <testcase classname="com.github.davidmoten.rx.jdbc.UtilTest" name="testCamelCaseToUnderscore5" time="0"/>
  <testcase classname="com.github.davidmoten.rx.jdbc.UtilTest" name="testCamelCaseToUnderscore6" time="0"/>
  <testcase classname="com.github.davidmoten.rx.jdbc.UtilTest" name="testAutoMapBigDecimalToLong" time="0"/>
  <testcase classname="com.github.davidmoten.rx.jdbc.UtilTest" name="testCountOfNoQuestionMarks" time="0"/>
  <testcase classname="com.github.davidmoten.rx.jdbc.UtilTest" name="testAutoMapBlobToByteArray" time="0.001"/>
  <testcase classname="com.github.davidmoten.rx.jdbc.UtilTest" name="testAutoMapOfSqlDateToBigInteger" time="0"/>
  <testcase classname="com.github.davidmoten.rx.jdbc.UtilTest" name="testAutoMapOfSqlDateToSimple" time="0"/>
  <testcase classname="com.github.davidmoten.rx.jdbc.UtilTest" name="testCommitNullDoesNothing" time="0"/>
  <testcase classname="com.github.davidmoten.rx.jdbc.UtilTest" name="testAutoMapOfNumberToShort" time="0"/>
  <testcase classname="com.github.davidmoten.rx.jdbc.UtilTest" name="testAutoMapOfIntegerToBigDecimal" time="0"/>
  <testcase classname="com.github.davidmoten.rx.jdbc.UtilTest" name="testCountOfQuestionMarksIgnoresTextInQuotes" time="0"/>
  <testcase classname="com.github.davidmoten.rx.jdbc.UtilTest" name="testCountOfNoQuestionMarksReturnsZeroWhenEmptyString" time="0"/>
  <testcase classname="com.github.davidmoten.rx.jdbc.UtilTest" name="testAutoMapOfIntegerToBigInteger" time="0"/>
  <testcase classname="com.github.davidmoten.rx.jdbc.UtilTest" name="obtainCoverageOfPrivateConstructor" time="0"/>
  <testcase classname="com.github.davidmoten.rx.jdbc.UtilTest" name="testRollbackNullDoesNothing" time="0"/>
  <testcase classname="com.github.davidmoten.rx.jdbc.UtilTest" name="testAutoMapOfSqlDateToLong" time="0"/>
  <testcase classname="com.github.davidmoten.rx.jdbc.UtilTest" name="testRollback" time="0"/>
  <testcase classname="com.github.davidmoten.rx.jdbc.UtilTest" name="testAutoMapBigDecimalToFloat" time="0"/>
  <testcase classname="com.github.davidmoten.rx.jdbc.UtilTest" name="testAutoMapBigDecimalToShort" time="0"/>
  <testcase classname="com.github.davidmoten.rx.jdbc.UtilTest" name="testAutoMapBigIntegerToFloat" time="0"/>
  <testcase classname="com.github.davidmoten.rx.jdbc.UtilTest" name="testAutoMapBigIntegerToShort" time="0"/>
  <testcase classname="com.github.davidmoten.rx.jdbc.UtilTest" name="testAutoMapOfSqlTimestampToLong" time="0"/>
  <testcase classname="com.github.davidmoten.rx.jdbc.UtilTest" name="testMapObjectExistingClob" time="0.005"/>
  <testcase classname="com.github.davidmoten.rx.jdbc.UtilTest" name="testAutoMapOfSqlTimeToLong" time="0"/>
  <testcase classname="com.github.davidmoten.rx.jdbc.UtilTest" name="testAutoMapOfNumberToLong" time="0"/>
  <testcase classname="com.github.davidmoten.rx.jdbc.UtilTest" name="testAutoMapClobToByteArray" time="0"/>
  <testcase classname="com.github.davidmoten.rx.jdbc.UtilTest" name="testAutoMapBigIntegerToLong" time="0"/>
  <testcase classname="com.github.davidmoten.rx.jdbc.UtilTest" name="testAutoMapOfBigDecimalToSimple" time="0"/>
  <testcase classname="com.github.davidmoten.rx.jdbc.UtilTest" name="testAutoMapBigIntegerToInteger" time="0"/>
  <testcase classname="com.github.davidmoten.rx.jdbc.UtilTest" name="testAutoMapOfSqlDateToUtilDate" time="0"/>
  <testcase classname="com.github.davidmoten.rx.jdbc.UtilTest" name="testAutoMapOfUtilDateToSqlDate" time="0"/>
  <testcase classname="com.github.davidmoten.rx.jdbc.UtilTest" name="testAutoMapOfNumberToBigInteger" time="0"/>
  <testcase classname="com.github.davidmoten.rx.jdbc.UtilTest" name="testCountOfNoQuestionMarksSkipsNestedUnclosedQuotes" time="0"/>
  <testcase classname="com.github.davidmoten.rx.jdbc.UtilTest" name="testAutoMapOfShortToBigInteger" time="0.001"/>
  <testcase classname="com.github.davidmoten.rx.jdbc.UtilTest" name="testAutoMapOfSqlTimestampToUtilDate" time="0"/>
  <testcase classname="com.github.davidmoten.rx.jdbc.UtilTest" name="testClose1" time="0"/>
  <testcase classname="com.github.davidmoten.rx.jdbc.UtilTest" name="testClose2" time="0"/>
  <testcase classname="com.github.davidmoten.rx.jdbc.UtilTest" name="testCommit" time="0"/>
  <testcase classname="com.github.davidmoten.rx.jdbc.UtilTest" name="testAutoMapOfSqlTimeToSimple" time="0"/>
  <testcase classname="com.github.davidmoten.rx.jdbc.UtilTest" name="testAutoMapOfNumberToInteger" time="0"/>
  <testcase classname="com.github.davidmoten.rx.jdbc.UtilTest" name="testAutoMapOfBigIntegerToSimple" time="0"/>
  <testcase classname="com.github.davidmoten.rx.jdbc.UtilTest" name="testAutoMapBigDecimalToDouble" time="0.001"/>
</testsuite>