<?xml version="1.0" encoding="UTF-8"?>
<testsuite name="org.semanticweb.owlapi.profiles.OWLProfileTestCase" time="0.422" tests="118" errors="0" skipped="0" failures="0">
  <properties>
[...]
</properties>
  <testcase name="shouldCreateViolationForOWLDisjointClassesAxiomInOWL2QLProfile" classname="org.semanticweb.owlapi.profiles.OWLProfileTestCase" time="0.013"/>
  <testcase name="shouldCreateViolationForOWLInverseFunctionalObjectPropertyAxiomInOWL2QLProfile" classname="org.semanticweb.owlapi.profiles.OWLProfileTestCase" time="0.013"/>
  <testcase name="shouldCreateViolationForOWLDataExactCardinalityInOWL2ELProfile" classname="org.semanticweb.owlapi.profiles.OWLProfileTestCase" time="0.003"/>
  <testcase name="shouldCreateViolationForSWRLRuleInOWL2ELProfile" classname="org.semanticweb.owlapi.profiles.OWLProfileTestCase" time="0.003"/>
  <testcase name="shouldCreateViolationForIRIInOWL2Profile" classname="org.semanticweb.owlapi.profiles.OWLProfileTestCase" time="0"/>
  <testcase name="shouldCreateViolationForOWLDatatypeRestrictionInOWL2QLProfile" classname="org.semanticweb.owlapi.profiles.OWLProfileTestCase" time="0.002"/>
  <testcase name="shouldCreateViolationForOWLInverseFunctionalObjectPropertyAxiomInOWL2ELProfile" classname="org.semanticweb.owlapi.profiles.OWLProfileTestCase" time="0.004"/>
  <testcase name="shouldCreateViolationForOWLSameIndividualAxiomInOWL2DLProfile" classname="org.semanticweb.owlapi.profiles.OWLProfileTestCase" time="0.002"/>
  <testcase name="shouldCreateViolationForOWLObjectAllValuesFromInOWL2ELProfile" classname="org.semanticweb.owlapi.profiles.OWLProfileTestCase" time="0.005"/>
  <testcase name="shouldCreateViolationForOWLDataPropertyDomainAxiomInOWL2RLProfile" classname="org.semanticweb.owlapi.profiles.OWLProfileTestCase" time="0.011"/>
  <testcase name="shouldCreateViolationForOWLDatatypeDefinitionAxiomInOWL2Profile" classname="org.semanticweb.owlapi.profiles.OWLProfileTestCase" time="0.004"/>
  <testcase name="shouldCreateViolationForOWLEquivalentClassesAxiomInOWL2RLProfile" classname="org.semanticweb.owlapi.profiles.OWLProfileTestCase" time="0.003"/>
  <testcase name="shouldCreateViolationForOWLAnnotationPropertyInOWL2DLProfile" classname="org.semanticweb.owlapi.profiles.OWLProfileTestCase" time="0.003"/>
  <testcase name="shouldCreateViolationForOWLOntologyInOWL2DLProfile" classname="org.semanticweb.owlapi.profiles.OWLProfileTestCase" time="0.001"/>
  <testcase name="shouldCreateViolationForOWLDatatypeRestrictionInOWL2ELProfile" classname="org.semanticweb.owlapi.profiles.OWLProfileTestCase" time="0.001"/>
  <testcase name="shouldCreateViolationForOWLDataAllValuesFromInOWL2ELProfile" classname="org.semanticweb.owlapi.profiles.OWLProfileTestCase" time="0.002"/>
  <testcase name="shouldCreateViolationForOWLNegativeDataPropertyAssertionAxiomInOWL2QLProfile" classname="org.semanticweb.owlapi.profiles.OWLProfileTestCase" time="0.001"/>
  <testcase name="shouldCreateViolationForOWLObjectMaxCardinalityInOWL2ELProfile" classname="org.semanticweb.owlapi.profiles.OWLProfileTestCase" time="0.006"/>
  <testcase name="shouldCreateViolationForOWLObjectPropertyInOWL2DLProfile" classname="org.semanticweb.owlapi.profiles.OWLProfileTestCase" time="0.004"/>
  <testcase name="shouldCreateViolationForOWLDisjointUnionAxiomInOWL2QLProfile" classname="org.semanticweb.owlapi.profiles.OWLProfileTestCase" time="0.004"/>
  <testcase name="shouldCreateViolationForOWLObjectPropertyRangeAxiomInOWL2RLProfile" classname="org.semanticweb.owlapi.profiles.OWLProfileTestCase" time="0.004"/>
  <testcase name="shouldCreateViolationForOWLDataMinCardinalityInOWL2ELProfile" classname="org.semanticweb.owlapi.profiles.OWLProfileTestCase" time="0.004"/>
  <testcase name="shouldCreateViolationForOWLDataComplementOfInOWL2RLProfile" classname="org.semanticweb.owlapi.profiles.OWLProfileTestCase" time="0.007"/>
  <testcase name="shouldCreateViolationForOWLObjectUnionOfInOWL2ELProfile" classname="org.semanticweb.owlapi.profiles.OWLProfileTestCase" time="0.009"/>
  <testcase name="shouldCreateViolationForOWLDataUnionOfInOWL2QLProfile" classname="org.semanticweb.owlapi.profiles.OWLProfileTestCase" time="0.007"/>
  <testcase name="shouldCreateViolationForOWLDisjointUnionAxiomInOWL2ELProfile" classname="org.semanticweb.owlapi.profiles.OWLProfileTestCase" time="0.003"/>
  <testcase name="shouldCreateViolationForOWLFunctionalDataPropertyAxiomInOWL2QLProfile" classname="org.semanticweb.owlapi.profiles.OWLProfileTestCase" time="0.001"/>
  <testcase name="shouldCreateViolationForOWLSubPropertyChainOfAxiomInOWL2DLProfile" classname="org.semanticweb.owlapi.profiles.OWLProfileTestCase" time="0.011"/>
  <testcase name="shouldCreateViolationForOWLEquivalentObjectPropertiesAxiomInOWL2DLProfile" classname="org.semanticweb.owlapi.profiles.OWLProfileTestCase" time="0.002"/>
  <testcase name="shouldCreateViolationForOWLDataUnionOfInOWL2ELProfile" classname="org.semanticweb.owlapi.profiles.OWLProfileTestCase" time="0.007"/>
  <testcase name="shouldCreateViolationForOWLDatatypeInOWL2QLProfile" classname="org.semanticweb.owlapi.profiles.OWLProfileTestCase" time="0"/>
  <testcase name="shouldCreateViolationForOWLAsymmetricObjectPropertyAxiomInOWL2DLProfile" classname="org.semanticweb.owlapi.profiles.OWLProfileTestCase" time="0.002"/>
  <testcase name="shouldCreateViolationForOWLDatatypeDefinitionAxiomInOWL2DLProfile" classname="org.semanticweb.owlapi.profiles.OWLProfileTestCase" time="0.003"/>
  <testcase name="shouldCreateViolationForOWLHasKeyAxiomInOWL2QLProfile" classname="org.semanticweb.owlapi.profiles.OWLProfileTestCase" time="0.002"/>
  <testcase name="shouldCreateViolationForOWLDifferentIndividualsAxiomInOWL2DLProfile" classname="org.semanticweb.owlapi.profiles.OWLProfileTestCase" time="0.001"/>
  <testcase name="shouldCreateViolationForOWLObjectInverseOfInOWL2ELProfile" classname="org.semanticweb.owlapi.profiles.OWLProfileTestCase" time="0.007"/>
  <testcase name="shouldCreateViolationForOWLDatatypeInOWL2ELProfile" classname="org.semanticweb.owlapi.profiles.OWLProfileTestCase" time="0.004"/>
  <testcase name="shouldCreateViolationForOWLHasKeyAxiomInOWL2ELProfile" classname="org.semanticweb.owlapi.profiles.OWLProfileTestCase" time="0.002"/>
  <testcase name="shouldCreateViolationForOWLOntologyInOWL2Profile" classname="org.semanticweb.owlapi.profiles.OWLProfileTestCase" time="0.002"/>
  <testcase name="shouldCreateViolationForOWLObjectExactCardinalityInOWL2ELProfile" classname="org.semanticweb.owlapi.profiles.OWLProfileTestCase" time="0.003"/>
  <testcase name="shouldCreateViolationForOWLEquivalentDataPropertiesAxiomInOWL2DLProfile" classname="org.semanticweb.owlapi.profiles.OWLProfileTestCase" time="0.001"/>
  <testcase name="shouldCreateViolationForOWLFunctionalObjectPropertyAxiomInOWL2DLProfile" classname="org.semanticweb.owlapi.profiles.OWLProfileTestCase" time="0.001"/>
  <testcase name="shouldCreateViolationForOWLSubClassOfAxiomInOWL2RLProfile" classname="org.semanticweb.owlapi.profiles.OWLProfileTestCase" time="0.002"/>
  <testcase name="shouldCreateViolationForOWLDatatypeDefinitionAxiomInOWL2DLProfileCycles" classname="org.semanticweb.owlapi.profiles.OWLProfileTestCase" time="0.003"/>
  <testcase name="shouldCreateViolationForOWLDataOneOfInOWL2DLProfile" classname="org.semanticweb.owlapi.profiles.OWLProfileTestCase" time="0.006"/>
  <testcase name="shouldCreateViolationForOWLDatatypeDefinitionAxiomInOWL2RLProfile" classname="org.semanticweb.owlapi.profiles.OWLProfileTestCase" time="0.004"/>
  <testcase name="shouldCreateViolationForOWLClassAssertionAxiomInOWL2QLProfile" classname="org.semanticweb.owlapi.profiles.OWLProfileTestCase" time="0.004"/>
  <testcase name="shouldCreateViolationForOWLDisjointDataPropertiesAxiomInOWL2ELProfile" classname="org.semanticweb.owlapi.profiles.OWLProfileTestCase" time="0.007"/>
  <testcase name="shouldCreateViolationForOWLIrreflexiveObjectPropertyAxiomInOWL2DLProfile" classname="org.semanticweb.owlapi.profiles.OWLProfileTestCase" time="0.005"/>
  <testcase name="shouldCreateViolationForOWLTransitiveObjectPropertyAxiomInOWL2QLProfile" classname="org.semanticweb.owlapi.profiles.OWLProfileTestCase" time="0.003"/>
  <testcase name="shouldCreateViolationForOWLDatatypeRestrictionInOWL2Profile" classname="org.semanticweb.owlapi.profiles.OWLProfileTestCase" time="0.004"/>
  <testcase name="shouldCreateViolationForOWLObjectPropertyDomainAxiomInOWL2RLProfile" classname="org.semanticweb.owlapi.profiles.OWLProfileTestCase" time="0.005"/>
  <testcase name="shouldCreateViolationForOWLObjectMinCardinalityInOWL2ELProfile" classname="org.semanticweb.owlapi.profiles.OWLProfileTestCase" time="0.004"/>
  <testcase name="shouldCreateViolationForOWLNegativeObjectPropertyAssertionAxiomInOWL2QLProfile" classname="org.semanticweb.owlapi.profiles.OWLProfileTestCase" time="0.004"/>
  <testcase name="shouldCreateViolationForOWLEquivalentDataPropertiesAxiomInOWL2RLProfile" classname="org.semanticweb.owlapi.profiles.OWLProfileTestCase" time="0.008"/>
  <testcase name="shouldCreateViolationForOWLDataOneOfInOWL2RLProfile" classname="org.semanticweb.owlapi.profiles.OWLProfileTestCase" time="0.004"/>
  <testcase name="shouldCreateViolationForOWLInverseFunctionalObjectPropertyAxiomInOWL2DLProfile" classname="org.semanticweb.owlapi.profiles.OWLProfileTestCase" time="0.002"/>
  <testcase name="shouldCreateViolationForOWLDisjointClassesAxiomInOWL2DLProfile" classname="org.semanticweb.owlapi.profiles.OWLProfileTestCase" time="0.002"/>
  <testcase name="shouldCreateViolationForOWLDataPropertyDomainAxiomInOWL2QLProfile" classname="org.semanticweb.owlapi.profiles.OWLProfileTestCase" time="0.006"/>
  <testcase name="shouldCreateViolationForOWLSubDataPropertyOfAxiomInOWL2DLProfile" classname="org.semanticweb.owlapi.profiles.OWLProfileTestCase" time="0.005"/>
  <testcase name="shouldCreateViolationForOWLEquivalentClassesAxiomInOWL2QLProfile" classname="org.semanticweb.owlapi.profiles.OWLProfileTestCase" time="0.002"/>
  <testcase name="shouldCreateViolationForOWLDataIntersectionOfInOWL2DLProfile" classname="org.semanticweb.owlapi.profiles.OWLProfileTestCase" time="0.013"/>
  <testcase name="shouldCreateViolationForOWLDisjointObjectPropertiesAxiomInOWL2ELProfile" classname="org.semanticweb.owlapi.profiles.OWLProfileTestCase" time="0.002"/>
  <testcase name="shouldCreateViolationForOWLObjectComplementOfInOWL2ELProfile" classname="org.semanticweb.owlapi.profiles.OWLProfileTestCase" time="0.001"/>
  <testcase name="shouldCreateViolationForOWLObjectMaxCardinalityInOWL2DLProfile" classname="org.semanticweb.owlapi.profiles.OWLProfileTestCase" time="0.01"/>
  <testcase name="shouldCreateViolationForOWLSymmetricObjectPropertyAxiomInOWL2ELProfile" classname="org.semanticweb.owlapi.profiles.OWLProfileTestCase" time="0.003"/>
  <testcase name="shouldCreateViolationForSWRLRuleInOWL2RLProfile" classname="org.semanticweb.owlapi.profiles.OWLProfileTestCase" time="0.003"/>
  <testcase name="shouldCreateViolationForOWLObjectOneOfInOWL2ELProfile" classname="org.semanticweb.owlapi.profiles.OWLProfileTestCase" time="0.003"/>
  <testcase name="shouldCreateViolationForOWLObjectPropertyRangeAxiomInOWL2QLProfile" classname="org.semanticweb.owlapi.profiles.OWLProfileTestCase" time="0.004"/>
  <testcase name="shouldCreateViolationForOWLSameIndividualAxiomInOWL2QLProfile" classname="org.semanticweb.owlapi.profiles.OWLProfileTestCase" time="0.004"/>
  <testcase name="shouldCreateViolationForOWLDisjointClassesAxiomInOWL2RLProfile" classname="org.semanticweb.owlapi.profiles.OWLProfileTestCase" time="0.004"/>
  <testcase name="shouldCreateViolationForOWLAnonymousIndividualInOWL2QLProfile" classname="org.semanticweb.owlapi.profiles.OWLProfileTestCase" time="0.002"/>
  <testcase name="shouldCreateViolationForOWLDataComplementOfInOWL2QLProfile" classname="org.semanticweb.owlapi.profiles.OWLProfileTestCase" time="0.002"/>
  <testcase name="shouldCreateViolationForOWLObjectUnionOfInOWL2DLProfile" classname="org.semanticweb.owlapi.profiles.OWLProfileTestCase" time="0.003"/>
  <testcase name="shouldCreateViolationForOWLDataIntersectionOfInOWL2RLProfile" classname="org.semanticweb.owlapi.profiles.OWLProfileTestCase" time="0.003"/>
  <testcase name="shouldCreateViolationForOWLDisjointUnionAxiomInOWL2DLProfile" classname="org.semanticweb.owlapi.profiles.OWLProfileTestCase" time="0.002"/>
  <testcase name="shouldCreateViolationForOWLDatatypeRestrictionInOWL2RLProfile" classname="org.semanticweb.owlapi.profiles.OWLProfileTestCase" time="0.001"/>
  <testcase name="shouldCreateViolationForOWLAnonymousIndividualInOWL2ELProfile" classname="org.semanticweb.owlapi.profiles.OWLProfileTestCase" time="0"/>
  <testcase name="shouldCreateViolationForOWLDataComplementOfInOWL2ELProfile" classname="org.semanticweb.owlapi.profiles.OWLProfileTestCase" time="0.004"/>
  <testcase name="shouldCreateViolationForOWLDataUnionOfInOWL2DLProfile" classname="org.semanticweb.owlapi.profiles.OWLProfileTestCase" time="0.001"/>
  <testcase name="shouldCreateViolationForOWLDataPropertyInOWL2DLProfile1" classname="org.semanticweb.owlapi.profiles.OWLProfileTestCase" time="0"/>
  <testcase name="shouldCreateViolationForOWLDataPropertyInOWL2DLProfile2" classname="org.semanticweb.owlapi.profiles.OWLProfileTestCase" time="0.001"/>
  <testcase name="shouldCreateViolationForOWLDataPropertyInOWL2DLProfile3" classname="org.semanticweb.owlapi.profiles.OWLProfileTestCase" time="0"/>
  <testcase name="shouldCreateViolationForOWLDataPropertyInOWL2DLProfile4" classname="org.semanticweb.owlapi.profiles.OWLProfileTestCase" time="0.001"/>
  <testcase name="shouldCreateViolationForOWLDatatypeInOWL2DLProfile" classname="org.semanticweb.owlapi.profiles.OWLProfileTestCase" time="0.001"/>
  <testcase name="shouldCreateViolationForOWLDisjointUnionAxiomInOWL2RLProfile" classname="org.semanticweb.owlapi.profiles.OWLProfileTestCase" time="0.001"/>
  <testcase name="shouldCreateViolationForOWLNamedIndividualInOWL2DLProfile" classname="org.semanticweb.owlapi.profiles.OWLProfileTestCase" time="0.001"/>
  <testcase name="shouldCreateViolationForOWLHasKeyAxiomInOWL2DLProfile" classname="org.semanticweb.owlapi.profiles.OWLProfileTestCase" time="0.001"/>
  <testcase name="shouldCreateViolationForOWLObjectExactCardinalityInOWL2DLProfile" classname="org.semanticweb.owlapi.profiles.OWLProfileTestCase" time="0.001"/>
  <testcase name="shouldCreateViolationForOWLObjectIntersectionOfInOWL2DLProfile" classname="org.semanticweb.owlapi.profiles.OWLProfileTestCase" time="0.004"/>
  <testcase name="shouldCreateViolationForOWLSubClassOfAxiomInOWL2QLProfile" classname="org.semanticweb.owlapi.profiles.OWLProfileTestCase" time="0.007"/>
  <testcase name="shouldCreateViolationForOWLSubPropertyChainOfAxiomInOWL2QLProfile" classname="org.semanticweb.owlapi.profiles.OWLProfileTestCase" time="0.002"/>
  <testcase name="shouldCreateViolationForOWLDataUnionOfInOWL2RLProfile" classname="org.semanticweb.owlapi.profiles.OWLProfileTestCase" time="0.006"/>
  <testcase name="shouldCreateViolationForOWLFunctionalDataPropertyAxiomInOWL2RLProfile" classname="org.semanticweb.owlapi.profiles.OWLProfileTestCase" time="0.001"/>
  <testcase name="shouldCreateViolationForOWLDisjointDataPropertiesAxiomInOWL2DLProfile" classname="org.semanticweb.owlapi.profiles.OWLProfileTestCase" time="0.004"/>
  <testcase name="shouldCreateViolationForOWLSubPropertyChainOfAxiomInOWL2ELProfile" classname="org.semanticweb.owlapi.profiles.OWLProfileTestCase" time="0.004"/>
  <testcase name="shouldCreateViolationForOWLDatatypeInOWL2RLProfile" classname="org.semanticweb.owlapi.profiles.OWLProfileTestCase" time="0.002"/>
  <testcase name="shouldCreateViolationForOWLObjectPropertyDomainAxiomInOWL2QLProfile" classname="org.semanticweb.owlapi.profiles.OWLProfileTestCase" time="0.001"/>
  <testcase name="shouldCreateViolationForOWLInverseObjectPropertiesAxiomInOWL2ELProfile" classname="org.semanticweb.owlapi.profiles.OWLProfileTestCase" time="0.003"/>
  <testcase name="shouldCreateViolationForOWLAsymmetricObjectPropertyAxiomInOWL2ELProfile" classname="org.semanticweb.owlapi.profiles.OWLProfileTestCase" time="0.006"/>
  <testcase name="shouldCreateViolationForOWLObjectMinCardinalityInOWL2DLProfile" classname="org.semanticweb.owlapi.profiles.OWLProfileTestCase" time="0.003"/>
  <testcase name="shouldCreateViolationForOWLHasKeyAxiomInOWL2RLProfile" classname="org.semanticweb.owlapi.profiles.OWLProfileTestCase" time="0.002"/>
  <testcase name="shouldCreateViolationForOWLLiteralInOWL2Profile" classname="org.semanticweb.owlapi.profiles.OWLProfileTestCase" time="0.003"/>
  <testcase name="shouldCreateViolationForOWLDataMaxCardinalityInOWL2ELProfile" classname="org.semanticweb.owlapi.profiles.OWLProfileTestCase" time="0.005"/>
  <testcase name="shouldCreateViolationForOWLFunctionalObjectPropertyAxiomInOWL2QLProfile" classname="org.semanticweb.owlapi.profiles.OWLProfileTestCase" time="0.008"/>
  <testcase name="shouldCreateViolationForOWLDataOneOfInOWL2QLProfile" classname="org.semanticweb.owlapi.profiles.OWLProfileTestCase" time="0.004"/>
  <testcase name="shouldCreateViolationForOWLObjectHasSelfInOWL2DLProfile" classname="org.semanticweb.owlapi.profiles.OWLProfileTestCase" time="0.002"/>
  <testcase name="shouldCreateViolationForOWLDisjointDataPropertiesAxiomInOWL2RLProfile" classname="org.semanticweb.owlapi.profiles.OWLProfileTestCase" time="0.002"/>
  <testcase name="shouldCreateViolationForOWLFunctionalObjectPropertyAxiomInOWL2ELProfile" classname="org.semanticweb.owlapi.profiles.OWLProfileTestCase" time="0.002"/>
  <testcase name="shouldCreateViolationForOWLClassInOWL2DLProfile" classname="org.semanticweb.owlapi.profiles.OWLProfileTestCase" time="0.003"/>
  <testcase name="shouldCreateViolationForOWLIrreflexiveObjectPropertyAxiomInOWL2QLProfile" classname="org.semanticweb.owlapi.profiles.OWLProfileTestCase" time="0.005"/>
  <testcase name="shouldCreateViolationForOWLDataOneOfInOWL2ELProfile" classname="org.semanticweb.owlapi.profiles.OWLProfileTestCase" time="0.005"/>
  <testcase name="shouldCreateViolationForOWLDisjointObjectPropertiesAxiomInOWL2DLProfile" classname="org.semanticweb.owlapi.profiles.OWLProfileTestCase" time="0.005"/>
  <testcase name="shouldCreateViolationForOWLClassAssertionAxiomInOWL2RLProfile" classname="org.semanticweb.owlapi.profiles.OWLProfileTestCase" time="0.002"/>
  <testcase name="shouldCreateViolationForOWLEquivalentClassesAxiomInOWL2DLProfile" classname="org.semanticweb.owlapi.profiles.OWLProfileTestCase" time="0.005"/>
  <testcase name="shouldCreateViolationForOWLIrreflexiveObjectPropertyAxiomInOWL2ELProfile" classname="org.semanticweb.owlapi.profiles.OWLProfileTestCase" time="0.003"/>
  <testcase name="shouldCreateViolationForSWRLRuleInOWL2QLProfile" classname="org.semanticweb.owlapi.profiles.OWLProfileTestCase" time="0.002"/>
  <testcase name="shouldCreateViolationForOWLObjectOneOfInOWL2DLProfile" classname="org.semanticweb.owlapi.profiles.OWLProfileTestCase" time="0.001"/>
</testsuite>