<?xml version="1.0" encoding="UTF-8"?>
<testsuite name="org.semanticweb.owlapi.api.test.VisitorsTestCase" time="0.002" tests="72" errors="0" skipped="0" failures="0">
  <properties>
[...]
</properties>
  <testcase name="testAssertion[0]" classname="org.semanticweb.owlapi.api.test.VisitorsTestCase" time="0"/>
  <testcase name="testAssertion[1]" classname="org.semanticweb.owlapi.api.test.VisitorsTestCase" time="0.001"/>
  <testcase name="testAssertion[2]" classname="org.semanticweb.owlapi.api.test.VisitorsTestCase" time="0"/>
  <testcase name="testAssertion[3]" classname="org.semanticweb.owlapi.api.test.VisitorsTestCase" time="0"/>
  <testcase name="testAssertion[4]" classname="org.semanticweb.owlapi.api.test.VisitorsTestCase" time="0"/>
  <testcase name="testAssertion[5]" classname="org.semanticweb.owlapi.api.test.VisitorsTestCase" time="0"/>
  <testcase name="testAssertion[6]" classname="org.semanticweb.owlapi.api.test.VisitorsTestCase" time="0"/>
  <testcase name="testAssertion[7]" classname="org.semanticweb.owlapi.api.test.VisitorsTestCase" time="0"/>
  <testcase name="testAssertion[8]" classname="org.semanticweb.owlapi.api.test.VisitorsTestCase" time="0"/>
  <testcase name="testAssertion[9]" classname="org.semanticweb.owlapi.api.test.VisitorsTestCase" time="0"/>
  <testcase name="testAssertion[10]" classname="org.semanticweb.owlapi.api.test.VisitorsTestCase" time="0"/>
  <testcase name="testAssertion[11]" classname="org.semanticweb.owlapi.api.test.VisitorsTestCase" time="0"/>
  <testcase name="testAssertion[12]" classname="org.semanticweb.owlapi.api.test.VisitorsTestCase" time="0"/>
  <testcase name="testAssertion[13]" classname="org.semanticweb.owlapi.api.test.VisitorsTestCase" time="0"/>
  <testcase name="testAssertion[14]" classname="org.semanticweb.owlapi.api.test.VisitorsTestCase" time="0"/>
  <testcase name="testAssertion[15]" classname="org.semanticweb.owlapi.api.test.VisitorsTestCase" time="0"/>
  <testcase name="testAssertion[16]" classname="org.semanticweb.owlapi.api.test.VisitorsTestCase" time="0"/>
  <testcase name="testAssertion[17]" classname="org.semanticweb.owlapi.api.test.VisitorsTestCase" time="0"/>
  <testcase name="testAssertion[18]" classname="org.semanticweb.owlapi.api.test.VisitorsTestCase" time="0"/>
  <testcase name="testAssertion[19]" classname="org.semanticweb.owlapi.api.test.VisitorsTestCase" time="0"/>
  <testcase name="testAssertion[20]" classname="org.semanticweb.owlapi.api.test.VisitorsTestCase" time="0"/>
  <testcase name="testAssertion[21]" classname="org.semanticweb.owlapi.api.test.VisitorsTestCase" time="0"/>
  <testcase name="testAssertion[22]" classname="org.semanticweb.owlapi.api.test.VisitorsTestCase" time="0"/>
  <testcase name="testAssertion[23]" classname="org.semanticweb.owlapi.api.test.VisitorsTestCase" time="0"/>
  <testcase name="testAssertion[24]" classname="org.semanticweb.owlapi.api.test.VisitorsTestCase" time="0"/>
  <testcase name="testAssertion[25]" classname="org.semanticweb.owlapi.api.test.VisitorsTestCase" time="0"/>
  <testcase name="testAssertion[26]" classname="org.semanticweb.owlapi.api.test.VisitorsTestCase" time="0"/>
  <testcase name="testAssertion[27]" classname="org.semanticweb.owlapi.api.test.VisitorsTestCase" time="0"/>
  <testcase name="testAssertion[28]" classname="org.semanticweb.owlapi.api.test.VisitorsTestCase" time="0"/>
  <testcase name="testAssertion[29]" classname="org.semanticweb.owlapi.api.test.VisitorsTestCase" time="0"/>
  <testcase name="testAssertion[30]" classname="org.semanticweb.owlapi.api.test.VisitorsTestCase" time="0.001"/>
  <testcase name="testAssertion[31]" classname="org.semanticweb.owlapi.api.test.VisitorsTestCase" time="0"/>
  <testcase name="testAssertion[32]" classname="org.semanticweb.owlapi.api.test.VisitorsTestCase" time="0"/>
  <testcase name="testAssertion[33]" classname="org.semanticweb.owlapi.api.test.VisitorsTestCase" time="0"/>
  <testcase name="testAssertion[34]" classname="org.semanticweb.owlapi.api.test.VisitorsTestCase" time="0"/>
  <testcase name="testAssertion[35]" classname="org.semanticweb.owlapi.api.test.VisitorsTestCase" time="0"/>
  <testcase name="testAssertion[36]" classname="org.semanticweb.owlapi.api.test.VisitorsTestCase" time="0"/>
  <testcase name="testAssertion[37]" classname="org.semanticweb.owlapi.api.test.VisitorsTestCase" time="0"/>
  <testcase name="testAssertion[38]" classname="org.semanticweb.owlapi.api.test.VisitorsTestCase" time="0"/>
  <testcase name="testAssertion[39]" classname="org.semanticweb.owlapi.api.test.VisitorsTestCase" time="0"/>
  <testcase name="testAssertion[40]" classname="org.semanticweb.owlapi.api.test.VisitorsTestCase" time="0"/>
  <testcase name="testAssertion[41]" classname="org.semanticweb.owlapi.api.test.VisitorsTestCase" time="0"/>
  <testcase name="testAssertion[42]" classname="org.semanticweb.owlapi.api.test.VisitorsTestCase" time="0"/>
  <testcase name="testAssertion[43]" classname="org.semanticweb.owlapi.api.test.VisitorsTestCase" time="0"/>
  <testcase name="testAssertion[44]" classname="org.semanticweb.owlapi.api.test.VisitorsTestCase" time="0"/>
  <testcase name="testAssertion[45]" classname="org.semanticweb.owlapi.api.test.VisitorsTestCase" time="0"/>
  <testcase name="testAssertion[46]" classname="org.semanticweb.owlapi.api.test.VisitorsTestCase" time="0"/>
  <testcase name="testAssertion[47]" classname="org.semanticweb.owlapi.api.test.VisitorsTestCase" time="0"/>
  <testcase name="testAssertion[48]" classname="org.semanticweb.owlapi.api.test.VisitorsTestCase" time="0"/>
  <testcase name="testAssertion[49]" classname="org.semanticweb.owlapi.api.test.VisitorsTestCase" time="0"/>
  <testcase name="testAssertion[50]" classname="org.semanticweb.owlapi.api.test.VisitorsTestCase" time="0"/>
  <testcase name="testAssertion[51]" classname="org.semanticweb.owlapi.api.test.VisitorsTestCase" time="0"/>
  <testcase name="testAssertion[52]" classname="org.semanticweb.owlapi.api.test.VisitorsTestCase" time="0"/>
  <testcase name="testAssertion[53]" classname="org.semanticweb.owlapi.api.test.VisitorsTestCase" time="0"/>
  <testcase name="testAssertion[54]" classname="org.semanticweb.owlapi.api.test.VisitorsTestCase" time="0"/>
  <testcase name="testAssertion[55]" classname="org.semanticweb.owlapi.api.test.VisitorsTestCase" time="0"/>
  <testcase name="testAssertion[56]" classname="org.semanticweb.owlapi.api.test.VisitorsTestCase" time="0"/>
  <testcase name="testAssertion[57]" classname="org.semanticweb.owlapi.api.test.VisitorsTestCase" time="0"/>
  <testcase name="testAssertion[58]" classname="org.semanticweb.owlapi.api.test.VisitorsTestCase" time="0"/>
  <testcase name="testAssertion[59]" classname="org.semanticweb.owlapi.api.test.VisitorsTestCase" time="0"/>
  <testcase name="testAssertion[60]" classname="org.semanticweb.owlapi.api.test.VisitorsTestCase" time="0"/>
  <testcase name="testAssertion[61]" classname="org.semanticweb.owlapi.api.test.VisitorsTestCase" time="0"/>
  <testcase name="testAssertion[62]" classname="org.semanticweb.owlapi.api.test.VisitorsTestCase" time="0"/>
  <testcase name="testAssertion[63]" classname="org.semanticweb.owlapi.api.test.VisitorsTestCase" time="0"/>
  <testcase name="testAssertion[64]" classname="org.semanticweb.owlapi.api.test.VisitorsTestCase" time="0"/>
  <testcase name="testAssertion[65]" classname="org.semanticweb.owlapi.api.test.VisitorsTestCase" time="0"/>
  <testcase name="testAssertion[66]" classname="org.semanticweb.owlapi.api.test.VisitorsTestCase" time="0"/>
  <testcase name="testAssertion[67]" classname="org.semanticweb.owlapi.api.test.VisitorsTestCase" time="0"/>
  <testcase name="testAssertion[68]" classname="org.semanticweb.owlapi.api.test.VisitorsTestCase" time="0"/>
  <testcase name="testAssertion[69]" classname="org.semanticweb.owlapi.api.test.VisitorsTestCase" time="0"/>
  <testcase name="testAssertion[70]" classname="org.semanticweb.owlapi.api.test.VisitorsTestCase" time="0"/>
  <testcase name="testAssertion[71]" classname="org.semanticweb.owlapi.api.test.VisitorsTestCase" time="0"/>
</testsuite>