<?xml version="1.0" encoding="UTF-8"?>
<testsuite name="org.semanticweb.owlapi.model.XSDVocabularyTestCase" time="0.011" tests="92" errors="0" skipped="0" failures="0">
  <properties>
[...]
</properties>
  <testcase name="getPrefixedName_shouldStartWithXSDPrefixName[0]" classname="org.semanticweb.owlapi.model.XSDVocabularyTestCase" time="0"/>
  <testcase name="getIRI_shouldReturnAnIRIThatStartsWithXSDPrefix[0]" classname="org.semanticweb.owlapi.model.XSDVocabularyTestCase" time="0"/>
  <testcase name="getPrefixedName_shouldStartWithXSDPrefixName[1]" classname="org.semanticweb.owlapi.model.XSDVocabularyTestCase" time="0"/>
  <testcase name="getIRI_shouldReturnAnIRIThatStartsWithXSDPrefix[1]" classname="org.semanticweb.owlapi.model.XSDVocabularyTestCase" time="0"/>
  <testcase name="getPrefixedName_shouldStartWithXSDPrefixName[2]" classname="org.semanticweb.owlapi.model.XSDVocabularyTestCase" time="0"/>
  <testcase name="getIRI_shouldReturnAnIRIThatStartsWithXSDPrefix[2]" classname="org.semanticweb.owlapi.model.XSDVocabularyTestCase" time="0"/>
  <testcase name="getPrefixedName_shouldStartWithXSDPrefixName[3]" classname="org.semanticweb.owlapi.model.XSDVocabularyTestCase" time="0"/>
  <testcase name="getIRI_shouldReturnAnIRIThatStartsWithXSDPrefix[3]" classname="org.semanticweb.owlapi.model.XSDVocabularyTestCase" time="0"/>
  <testcase name="getPrefixedName_shouldStartWithXSDPrefixName[4]" classname="org.semanticweb.owlapi.model.XSDVocabularyTestCase" time="0"/>
  <testcase name="getIRI_shouldReturnAnIRIThatStartsWithXSDPrefix[4]" classname="org.semanticweb.owlapi.model.XSDVocabularyTestCase" time="0"/>
  <testcase name="getPrefixedName_shouldStartWithXSDPrefixName[5]" classname="org.semanticweb.owlapi.model.XSDVocabularyTestCase" time="0"/>
  <testcase name="getIRI_shouldReturnAnIRIThatStartsWithXSDPrefix[5]" classname="org.semanticweb.owlapi.model.XSDVocabularyTestCase" time="0.001"/>
  <testcase name="getPrefixedName_shouldStartWithXSDPrefixName[6]" classname="org.semanticweb.owlapi.model.XSDVocabularyTestCase" time="0"/>
  <testcase name="getIRI_shouldReturnAnIRIThatStartsWithXSDPrefix[6]" classname="org.semanticweb.owlapi.model.XSDVocabularyTestCase" time="0"/>
  <testcase name="getPrefixedName_shouldStartWithXSDPrefixName[7]" classname="org.semanticweb.owlapi.model.XSDVocabularyTestCase" time="0"/>
  <testcase name="getIRI_shouldReturnAnIRIThatStartsWithXSDPrefix[7]" classname="org.semanticweb.owlapi.model.XSDVocabularyTestCase" time="0"/>
  <testcase name="getPrefixedName_shouldStartWithXSDPrefixName[8]" classname="org.semanticweb.owlapi.model.XSDVocabularyTestCase" time="0"/>
  <testcase name="getIRI_shouldReturnAnIRIThatStartsWithXSDPrefix[8]" classname="org.semanticweb.owlapi.model.XSDVocabularyTestCase" time="0"/>
  <testcase name="getPrefixedName_shouldStartWithXSDPrefixName[9]" classname="org.semanticweb.owlapi.model.XSDVocabularyTestCase" time="0"/>
  <testcase name="getIRI_shouldReturnAnIRIThatStartsWithXSDPrefix[9]" classname="org.semanticweb.owlapi.model.XSDVocabularyTestCase" time="0"/>
  <testcase name="getPrefixedName_shouldStartWithXSDPrefixName[10]" classname="org.semanticweb.owlapi.model.XSDVocabularyTestCase" time="0"/>
  <testcase name="getIRI_shouldReturnAnIRIThatStartsWithXSDPrefix[10]" classname="org.semanticweb.owlapi.model.XSDVocabularyTestCase" time="0"/>
  <testcase name="getPrefixedName_shouldStartWithXSDPrefixName[11]" classname="org.semanticweb.owlapi.model.XSDVocabularyTestCase" time="0"/>
  <testcase name="getIRI_shouldReturnAnIRIThatStartsWithXSDPrefix[11]" classname="org.semanticweb.owlapi.model.XSDVocabularyTestCase" time="0"/>
  <testcase name="getPrefixedName_shouldStartWithXSDPrefixName[12]" classname="org.semanticweb.owlapi.model.XSDVocabularyTestCase" time="0"/>
  <testcase name="getIRI_shouldReturnAnIRIThatStartsWithXSDPrefix[12]" classname="org.semanticweb.owlapi.model.XSDVocabularyTestCase" time="0"/>
  <testcase name="getPrefixedName_shouldStartWithXSDPrefixName[13]" classname="org.semanticweb.owlapi.model.XSDVocabularyTestCase" time="0"/>
  <testcase name="getIRI_shouldReturnAnIRIThatStartsWithXSDPrefix[13]" classname="org.semanticweb.owlapi.model.XSDVocabularyTestCase" time="0"/>
  <testcase name="getPrefixedName_shouldStartWithXSDPrefixName[14]" classname="org.semanticweb.owlapi.model.XSDVocabularyTestCase" time="0"/>
  <testcase name="getIRI_shouldReturnAnIRIThatStartsWithXSDPrefix[14]" classname="org.semanticweb.owlapi.model.XSDVocabularyTestCase" time="0"/>
  <testcase name="getPrefixedName_shouldStartWithXSDPrefixName[15]" classname="org.semanticweb.owlapi.model.XSDVocabularyTestCase" time="0"/>
  <testcase name="getIRI_shouldReturnAnIRIThatStartsWithXSDPrefix[15]" classname="org.semanticweb.owlapi.model.XSDVocabularyTestCase" time="0"/>
  <testcase name="getPrefixedName_shouldStartWithXSDPrefixName[16]" classname="org.semanticweb.owlapi.model.XSDVocabularyTestCase" time="0"/>
  <testcase name="getIRI_shouldReturnAnIRIThatStartsWithXSDPrefix[16]" classname="org.semanticweb.owlapi.model.XSDVocabularyTestCase" time="0"/>
  <testcase name="getPrefixedName_shouldStartWithXSDPrefixName[17]" classname="org.semanticweb.owlapi.model.XSDVocabularyTestCase" time="0"/>
  <testcase name="getIRI_shouldReturnAnIRIThatStartsWithXSDPrefix[17]" classname="org.semanticweb.owlapi.model.XSDVocabularyTestCase" time="0"/>
  <testcase name="getPrefixedName_shouldStartWithXSDPrefixName[18]" classname="org.semanticweb.owlapi.model.XSDVocabularyTestCase" time="0.001"/>
  <testcase name="getIRI_shouldReturnAnIRIThatStartsWithXSDPrefix[18]" classname="org.semanticweb.owlapi.model.XSDVocabularyTestCase" time="0"/>
  <testcase name="getPrefixedName_shouldStartWithXSDPrefixName[19]" classname="org.semanticweb.owlapi.model.XSDVocabularyTestCase" time="0"/>
  <testcase name="getIRI_shouldReturnAnIRIThatStartsWithXSDPrefix[19]" classname="org.semanticweb.owlapi.model.XSDVocabularyTestCase" time="0"/>
  <testcase name="getPrefixedName_shouldStartWithXSDPrefixName[20]" classname="org.semanticweb.owlapi.model.XSDVocabularyTestCase" time="0"/>
  <testcase name="getIRI_shouldReturnAnIRIThatStartsWithXSDPrefix[20]" classname="org.semanticweb.owlapi.model.XSDVocabularyTestCase" time="0.001"/>
  <testcase name="getPrefixedName_shouldStartWithXSDPrefixName[21]" classname="org.semanticweb.owlapi.model.XSDVocabularyTestCase" time="0"/>
  <testcase name="getIRI_shouldReturnAnIRIThatStartsWithXSDPrefix[21]" classname="org.semanticweb.owlapi.model.XSDVocabularyTestCase" time="0"/>
  <testcase name="getPrefixedName_shouldStartWithXSDPrefixName[22]" classname="org.semanticweb.owlapi.model.XSDVocabularyTestCase" time="0"/>
  <testcase name="getIRI_shouldReturnAnIRIThatStartsWithXSDPrefix[22]" classname="org.semanticweb.owlapi.model.XSDVocabularyTestCase" time="0"/>
  <testcase name="getPrefixedName_shouldStartWithXSDPrefixName[23]" classname="org.semanticweb.owlapi.model.XSDVocabularyTestCase" time="0.001"/>
  <testcase name="getIRI_shouldReturnAnIRIThatStartsWithXSDPrefix[23]" classname="org.semanticweb.owlapi.model.XSDVocabularyTestCase" time="0"/>
  <testcase name="getPrefixedName_shouldStartWithXSDPrefixName[24]" classname="org.semanticweb.owlapi.model.XSDVocabularyTestCase" time="0"/>
  <testcase name="getIRI_shouldReturnAnIRIThatStartsWithXSDPrefix[24]" classname="org.semanticweb.owlapi.model.XSDVocabularyTestCase" time="0"/>
  <testcase name="getPrefixedName_shouldStartWithXSDPrefixName[25]" classname="org.semanticweb.owlapi.model.XSDVocabularyTestCase" time="0"/>
  <testcase name="getIRI_shouldReturnAnIRIThatStartsWithXSDPrefix[25]" classname="org.semanticweb.owlapi.model.XSDVocabularyTestCase" time="0"/>
  <testcase name="getPrefixedName_shouldStartWithXSDPrefixName[26]" classname="org.semanticweb.owlapi.model.XSDVocabularyTestCase" time="0"/>
  <testcase name="getIRI_shouldReturnAnIRIThatStartsWithXSDPrefix[26]" classname="org.semanticweb.owlapi.model.XSDVocabularyTestCase" time="0"/>
  <testcase name="getPrefixedName_shouldStartWithXSDPrefixName[27]" classname="org.semanticweb.owlapi.model.XSDVocabularyTestCase" time="0"/>
  <testcase name="getIRI_shouldReturnAnIRIThatStartsWithXSDPrefix[27]" classname="org.semanticweb.owlapi.model.XSDVocabularyTestCase" time="0"/>
  <testcase name="getPrefixedName_shouldStartWithXSDPrefixName[28]" classname="org.semanticweb.owlapi.model.XSDVocabularyTestCase" time="0"/>
  <testcase name="getIRI_shouldReturnAnIRIThatStartsWithXSDPrefix[28]" classname="org.semanticweb.owlapi.model.XSDVocabularyTestCase" time="0"/>
  <testcase name="getPrefixedName_shouldStartWithXSDPrefixName[29]" classname="org.semanticweb.owlapi.model.XSDVocabularyTestCase" time="0"/>
  <testcase name="getIRI_shouldReturnAnIRIThatStartsWithXSDPrefix[29]" classname="org.semanticweb.owlapi.model.XSDVocabularyTestCase" time="0"/>
  <testcase name="getPrefixedName_shouldStartWithXSDPrefixName[30]" classname="org.semanticweb.owlapi.model.XSDVocabularyTestCase" time="0"/>
  <testcase name="getIRI_shouldReturnAnIRIThatStartsWithXSDPrefix[30]" classname="org.semanticweb.owlapi.model.XSDVocabularyTestCase" time="0"/>
  <testcase name="getPrefixedName_shouldStartWithXSDPrefixName[31]" classname="org.semanticweb.owlapi.model.XSDVocabularyTestCase" time="0"/>
  <testcase name="getIRI_shouldReturnAnIRIThatStartsWithXSDPrefix[31]" classname="org.semanticweb.owlapi.model.XSDVocabularyTestCase" time="0"/>
  <testcase name="getPrefixedName_shouldStartWithXSDPrefixName[32]" classname="org.semanticweb.owlapi.model.XSDVocabularyTestCase" time="0"/>
  <testcase name="getIRI_shouldReturnAnIRIThatStartsWithXSDPrefix[32]" classname="org.semanticweb.owlapi.model.XSDVocabularyTestCase" time="0"/>
  <testcase name="getPrefixedName_shouldStartWithXSDPrefixName[33]" classname="org.semanticweb.owlapi.model.XSDVocabularyTestCase" time="0"/>
  <testcase name="getIRI_shouldReturnAnIRIThatStartsWithXSDPrefix[33]" classname="org.semanticweb.owlapi.model.XSDVocabularyTestCase" time="0"/>
  <testcase name="getPrefixedName_shouldStartWithXSDPrefixName[34]" classname="org.semanticweb.owlapi.model.XSDVocabularyTestCase" time="0"/>
  <testcase name="getIRI_shouldReturnAnIRIThatStartsWithXSDPrefix[34]" classname="org.semanticweb.owlapi.model.XSDVocabularyTestCase" time="0"/>
  <testcase name="getPrefixedName_shouldStartWithXSDPrefixName[35]" classname="org.semanticweb.owlapi.model.XSDVocabularyTestCase" time="0"/>
  <testcase name="getIRI_shouldReturnAnIRIThatStartsWithXSDPrefix[35]" classname="org.semanticweb.owlapi.model.XSDVocabularyTestCase" time="0"/>
  <testcase name="getPrefixedName_shouldStartWithXSDPrefixName[36]" classname="org.semanticweb.owlapi.model.XSDVocabularyTestCase" time="0"/>
  <testcase name="getIRI_shouldReturnAnIRIThatStartsWithXSDPrefix[36]" classname="org.semanticweb.owlapi.model.XSDVocabularyTestCase" time="0"/>
  <testcase name="getPrefixedName_shouldStartWithXSDPrefixName[37]" classname="org.semanticweb.owlapi.model.XSDVocabularyTestCase" time="0"/>
  <testcase name="getIRI_shouldReturnAnIRIThatStartsWithXSDPrefix[37]" classname="org.semanticweb.owlapi.model.XSDVocabularyTestCase" time="0"/>
  <testcase name="getPrefixedName_shouldStartWithXSDPrefixName[38]" classname="org.semanticweb.owlapi.model.XSDVocabularyTestCase" time="0.001"/>
  <testcase name="getIRI_shouldReturnAnIRIThatStartsWithXSDPrefix[38]" classname="org.semanticweb.owlapi.model.XSDVocabularyTestCase" time="0"/>
  <testcase name="getPrefixedName_shouldStartWithXSDPrefixName[39]" classname="org.semanticweb.owlapi.model.XSDVocabularyTestCase" time="0"/>
  <testcase name="getIRI_shouldReturnAnIRIThatStartsWithXSDPrefix[39]" classname="org.semanticweb.owlapi.model.XSDVocabularyTestCase" time="0"/>
  <testcase name="getPrefixedName_shouldStartWithXSDPrefixName[40]" classname="org.semanticweb.owlapi.model.XSDVocabularyTestCase" time="0"/>
  <testcase name="getIRI_shouldReturnAnIRIThatStartsWithXSDPrefix[40]" classname="org.semanticweb.owlapi.model.XSDVocabularyTestCase" time="0"/>
  <testcase name="getPrefixedName_shouldStartWithXSDPrefixName[41]" classname="org.semanticweb.owlapi.model.XSDVocabularyTestCase" time="0"/>
  <testcase name="getIRI_shouldReturnAnIRIThatStartsWithXSDPrefix[41]" classname="org.semanticweb.owlapi.model.XSDVocabularyTestCase" time="0"/>
  <testcase name="getPrefixedName_shouldStartWithXSDPrefixName[42]" classname="org.semanticweb.owlapi.model.XSDVocabularyTestCase" time="0.004"/>
  <testcase name="getIRI_shouldReturnAnIRIThatStartsWithXSDPrefix[42]" classname="org.semanticweb.owlapi.model.XSDVocabularyTestCase" time="0"/>
  <testcase name="getPrefixedName_shouldStartWithXSDPrefixName[43]" classname="org.semanticweb.owlapi.model.XSDVocabularyTestCase" time="0"/>
  <testcase name="getIRI_shouldReturnAnIRIThatStartsWithXSDPrefix[43]" classname="org.semanticweb.owlapi.model.XSDVocabularyTestCase" time="0"/>
  <testcase name="getPrefixedName_shouldStartWithXSDPrefixName[44]" classname="org.semanticweb.owlapi.model.XSDVocabularyTestCase" time="0.001"/>
  <testcase name="getIRI_shouldReturnAnIRIThatStartsWithXSDPrefix[44]" classname="org.semanticweb.owlapi.model.XSDVocabularyTestCase" time="0.001"/>
  <testcase name="getPrefixedName_shouldStartWithXSDPrefixName[45]" classname="org.semanticweb.owlapi.model.XSDVocabularyTestCase" time="0"/>
  <testcase name="getIRI_shouldReturnAnIRIThatStartsWithXSDPrefix[45]" classname="org.semanticweb.owlapi.model.XSDVocabularyTestCase" time="0"/>
</testsuite>